#
# A fatal error has been detected by the Java Runtime Environment:
#
#  SIGILL (0x4) at pc=0x00007fff90948bb9, pid=1262, tid=2571
#
# JRE version: Java(TM) SE Runtime Environment (8.0_45-b14) (build 1.8.0_45-b14)
# Java VM: Java HotSpot(TM) 64-Bit Server VM (25.45-b02 mixed mode bsd-amd64 compressed oops)
# Problematic frame:
# C  [libobjc.A.dylib+0x15bb9]  _objc_trap()+0x4
#
# Failed to write core dump. Core dumps have been disabled. To enable core dumping, try "ulimit -c unlimited" before starting Java again
#
# If you would like to submit a bug report, please visit:
#   http://bugreport.java.com/bugreport/crash.jsp
# The crash happened outside the Java Virtual Machine in native code.
# See problematic frame for where to report the bug.
#

---------------  T H R E A D  ---------------

Current thread (0x00007fbe43075000):  JavaThread "AppKit Thread" daemon [_thread_in_native, id=2571, stack(0x00007fff51f59000,0x00007fff52759000)]

siginfo: si_signo: 4 (SIGILL), si_code: 1 (ILL_ILLOPC), si_addr: 0x00007fff90948bb9

Registers:
RAX=0x0000000000000000, RBX=0x00007fbe42e8c570, RCX=0x0000000000000000, RDX=0x00007fff76246b30
RSP=0x00007fff527542e0, RBP=0x00007fff527542e0, RSI=0x0000010000000100, RDI=0x00007fff76246b10
R8 =0x00000000fffffffc, R9 =0x00007fff76246b28, R10=0x00000000ffffffff, R11=0x000000000002cf60
R12=0x0000000000000001, R13=0x0000000000000000, R14=0x00007fff7624c7a8, R15=0x00007fbe42f40b48
RIP=0x00007fff90948bb9, EFLAGS=0x0000000000010202, ERR=0x0000000000000000
  TRAPNO=0x0000000000000006

Top of Stack: (sp=0x00007fff527542e0)
0x00007fff527542e0:   00007fff527543d0 00007fff90948d09
0x00007fff527542f0:   0000000000000000 00007fbe42e8c570
0x00007fff52754300:   00007fff97166640 00007fff97166640
0x00007fff52754310:   000000000000005f 00007fbe42e8c570
0x00007fff52754320:   00007fff52754350 00007fff9093c4d3
0x00007fff52754330:   00007fff52754390 00007fff9093f1d9
0x00007fff52754340:   00007fff7624c790 0000000000000001
0x00007fff52754350:   00007fff527543b0 00007fbe42f40b48
0x00007fff52754360:   00007fff52754390 00007fff97166640
0x00007fff52754370:   00007fff97166640 0000000000000000
0x00007fff52754380:   00007fff7723cae0 00007fbe42f40b48
0x00007fff52754390:   00007fff527543d0 00007fff9093f144
0x00007fff527543a0:   00007fbe42e96360 00007fbe42ec3910
0x00007fff527543b0:   0000003000000018 00007fff527543e0
0x00007fff527543c0:   00007fff527542f0 00007fbe42f40b48
0x00007fff527543d0:   00007fff52754430 00007fff9093ea1c
0x00007fff527543e0:   00007fff7624ad00 00007fff7624c480
0x00007fff527543f0:   00007fff52754470 00007fff9093e7f1
0x00007fff52754400:   00007fff9705aa89 00007fff7624ad00
0x00007fff52754410:   00007fbe42f40b48 0000000000000000
0x00007fff52754420:   00007fff7624c780 0000000000000000
0x00007fff52754430:   00007fff527544b0 00007fff9093e769
0x00007fff52754440:   ffff8041bd384100 00007fbe42f40950
0x00007fff52754450:   0000000000001a80 0000000000000000
0x00007fff52754460:   0000000000000000 0000000000000000
0x00007fff52754470:   00007fbe42e8c570 0000000000000035
0x00007fff52754480:   0000000000000009 00007fbe42c7bf00
0x00007fff52754490:   0000000000000000 00007fbe42d22360
0x00007fff527544a0:   00007fbe42f40950 00007fbe42e8c570
0x00007fff527544b0:   00007fff527544f0 00007fff8c79eb13
0x00007fff527544c0:   00007fbe42c7bf00 0000000000000000
0x00007fff527544d0:   00007fbe42e8c570 00007fff90939d40 

Instructions: (pc=0x00007fff90948bb9)
0x00007fff90948b99:   00 00 bf 02 00 00 00 48 89 de 48 89 c2 e8 4b 9b
0x00007fff90948ba9:   00 00 48 81 c4 98 00 00 00 5b 5d c3 55 48 89 e5
0x00007fff90948bb9:   0f 0b 55 48 89 e5 48 81 ec d0 00 00 00 84 c0 74
0x00007fff90948bc9:   2e c5 f8 29 85 60 ff ff ff c5 f8 29 8d 70 ff ff 

Register to memory mapping:

RAX=0x0000000000000000 is an unknown value
RBX=0x00007fbe42e8c570 is an unknown value
RCX=0x0000000000000000 is an unknown value
RDX=0x00007fff76246b30: _ZZL14_objc_crashlogPKcE13crashlog_lock+0x20 in /usr/lib/libobjc.A.dylib at 0x00007fff90933000
RSP=0x00007fff527542e0 is pointing into the stack for thread: 0x00007fbe43075000
RBP=0x00007fff527542e0 is pointing into the stack for thread: 0x00007fbe43075000
RSI=0x0000010000000100 is an unknown value
RDI=0x00007fff76246b10: _ZZL14_objc_crashlogPKcE13crashlog_lock+0 in /usr/lib/libobjc.A.dylib at 0x00007fff90933000
R8 =0x00000000fffffffc is an unknown value
R9 =0x00007fff76246b28: _ZZL14_objc_crashlogPKcE13crashlog_lock+0x18 in /usr/lib/libobjc.A.dylib at 0x00007fff90933000
R10=0x00000000ffffffff is an unknown value
R11=0x000000000002cf60 is an unknown value
R12=0x0000000000000001 is an unknown value
R13=0x0000000000000000 is an unknown value
R14=0x00007fff7624c7a8: _ZN12_GLOBAL__N_1L12SideTableBufE+0x1aa8 in /usr/lib/libobjc.A.dylib at 0x00007fff90933000
R15=0x00007fbe42f40b48 is an unknown value


Stack: [0x00007fff51f59000,0x00007fff52759000],  sp=0x00007fff527542e0,  free space=8172k
Native frames: (J=compiled Java code, j=interpreted, Vv=VM code, C=native code)
C  [libobjc.A.dylib+0x15bb9]  _objc_trap()+0x4
C  [libobjc.A.dylib+0x15d09]  _objc_inform+0x0
C  [libobjc.A.dylib+0xba1c]  weak_register_no_lock+0xde
C  [libobjc.A.dylib+0xb769]  objc_storeWeak+0x18b
C  [Foundation+0x19b13]  -[NSConcreteMapTable setObject:forKey:]+0x6e
C  [AppKit+0x347e2e]  -[NSView(NSOpenGLContextAssociation) _setOpenGLContext:]+0xf2
C  [AppKit+0x681791]  __27-[NSOpenGLContext setView:]_block_invoke+0xd6
C  [AppKit+0x1840a9]  NSPerformVisuallyAtomicChange+0x93
C  [AppKit+0x347ad1]  -[NSOpenGLContext setView:]+0x77
C  [liblwjgl.dylib+0xa586]  -[MacOSXOpenGLView lockFocus]+0x76
C  [AppKit+0x1a9823]  -[NSView _recursiveDisplayRectIfNeededIgnoringOpacity:isVisibleRect:rectIsVisibleRectForView:topView:]+0x6e2
C  [AppKit+0x1aa811]  -[NSView _recursiveDisplayRectIfNeededIgnoringOpacity:isVisibleRect:rectIsVisibleRectForView:topView:]+0x16d0
C  [AppKit+0x1a8c6c]  -[NSThemeFrame _recursiveDisplayRectIfNeededIgnoringOpacity:isVisibleRect:rectIsVisibleRectForView:topView:]+0x14e
C  [AppKit+0x1a7077]  -[NSView _displayRectIgnoringOpacity:isVisibleRect:rectIsVisibleRectForView:]+0x991
C  [AppKit+0x1a2485]  -[NSView displayIfNeeded]+0x79e
C  [AppKit+0x1a1ccc]  -[NSWindow displayIfNeeded]+0xe8
C  [AppKit+0x820206]  ___NSWindowGetDisplayCycleObserver_block_invoke6323+0x1dc
C  [AppKit+0x1a1667]  __37+[NSDisplayCycle currentDisplayCycle]_block_invoke+0x2e2
C  [QuartzCore+0x1191d]  CA::Transaction::run_commit_handlers(CATransactionPhase)+0x55
C  [QuartzCore+0x10dd8]  CA::Context::commit_transaction(CA::Transaction*)+0xa0
C  [QuartzCore+0x10a98]  CA::Transaction::commit()+0x1fc
C  [QuartzCore+0x1c28f]  CA::Transaction::observer_callback(__CFRunLoopObserver*, unsigned long, void*)+0x47
C  [CoreFoundation+0xa9e07]  __CFRUNLOOP_IS_CALLING_OUT_TO_AN_OBSERVER_CALLBACK_FUNCTION__+0x17
C  [CoreFoundation+0xa9d77]  __CFRunLoopDoObservers+0x187
C  [CoreFoundation+0x88d58]  CFRunLoopRunSpecific+0x148
C  [HIToolbox+0x30d55]  RunCurrentEventLoopInMode+0xeb
C  [HIToolbox+0x30a97]  ReceiveNextEventCommon+0xb8
C  [HIToolbox+0x309cf]  _BlockUntilNextEventMatchingListInModeWithFilter+0x47
C  [AppKit+0x49f3a]  _DPSNextEvent+0x42b
C  [AppKit+0x49369]  -[NSApplication _nextEventMatchingEventMask:untilDate:inMode:dequeue:]+0x1c6
C  [libosxapp.dylib+0x242a]  -[NSApplicationAWT nextEventMatchingMask:untilDate:inMode:dequeue:]+0x7c
C  [AppKit+0x3decc]  -[NSApplication run]+0x2aa
C  [libosxapp.dylib+0x223e]  +[NSApplicationAWT runAWTLoopWithApp:]+0x9c
C  [libawt_lwawt.dylib+0x4462b]  -[AWTStarter starter:]+0x389
C  [Foundation+0x7754e]  __NSThreadPerformPerform+0x117
C  [CoreFoundation+0xaa621]  __CFRUNLOOP_IS_CALLING_OUT_TO_A_SOURCE0_PERFORM_FUNCTION__+0x11
C  [CoreFoundation+0x89e1c]  __CFRunLoopDoSources0+0x22c
C  [CoreFoundation+0x8933f]  __CFRunLoopRun+0x39f
C  [CoreFoundation+0x88d38]  CFRunLoopRunSpecific+0x128
C  [java+0x6490]  CreateExecutionEnvironment+0x367
C  [java+0x221c]  JLI_Launch+0x7a0
C  [java+0x84ed]  main+0x65
C  [java+0x1a74]  start+0x34
C  0x0000000000000006


---------------  P R O C E S S  ---------------

Java Threads: ( => current thread )
  0x00007fbe4409f800 JavaThread "AWT-Shutdown" [_thread_blocked, id=29227, stack(0x0000700000932000,0x0000700000a32000)]
=>0x00007fbe43075000 JavaThread "AppKit Thread" daemon [_thread_in_native, id=2571, stack(0x00007fff51f59000,0x00007fff52759000)]
  0x00007fbe43810800 JavaThread "Service Thread" daemon [_thread_blocked, id=18691, stack(0x0000700000e44000,0x0000700000f44000)]
  0x00007fbe44031000 JavaThread "C1 CompilerThread2" daemon [_thread_blocked, id=18179, stack(0x0000700000d41000,0x0000700000e41000)]
  0x00007fbe4402f800 JavaThread "C2 CompilerThread1" daemon [_thread_blocked, id=17667, stack(0x0000700000c3e000,0x0000700000d3e000)]
  0x00007fbe4302c800 JavaThread "C2 CompilerThread0" daemon [_thread_blocked, id=17155, stack(0x0000700000b3b000,0x0000700000c3b000)]
  0x00007fbe4480d000 JavaThread "Signal Dispatcher" daemon [_thread_blocked, id=12815, stack(0x0000700000a38000,0x0000700000b38000)]
  0x00007fbe43029800 JavaThread "Finalizer" daemon [_thread_blocked, id=12291, stack(0x000070000082f000,0x000070000092f000)]
  0x00007fbe44804000 JavaThread "Reference Handler" daemon [_thread_blocked, id=11779, stack(0x000070000072c000,0x000070000082c000)]
  0x00007fbe4300e000 JavaThread "main" [_thread_in_native, id=5891, stack(0x000070000011a000,0x000070000021a000)]

Other Threads:
  0x00007fbe43029000 VMThread [stack: 0x0000700000629000,0x0000700000729000] [id=11267]
  0x00007fbe43833800 WatcherThread [stack: 0x0000700000f47000,0x0000700001047000] [id=19203]

VM state:not at safepoint (normal execution)

VM Mutex/Monitor currently owned by a thread: None

Heap:
 PSYoungGen      total 38400K, used 20964K [0x0000000795580000, 0x0000000798000000, 0x00000007c0000000)
  eden space 33280K, 62% used [0x0000000795580000,0x00000007969f91f8,0x0000000797600000)
  from space 5120K, 0% used [0x0000000797b00000,0x0000000797b00000,0x0000000798000000)
  to   space 5120K, 0% used [0x0000000797600000,0x0000000797600000,0x0000000797b00000)
 ParOldGen       total 87552K, used 0K [0x0000000740000000, 0x0000000745580000, 0x0000000795580000)
  object space 87552K, 0% used [0x0000000740000000,0x0000000740000000,0x0000000745580000)
 Metaspace       used 7081K, capacity 7211K, committed 7552K, reserved 1056768K
  class space    used 711K, capacity 792K, committed 896K, reserved 1048576K

Card table byte_map: [0x000000011e329000,0x000000011e72a000] byte_map_base: 0x000000011a929000

Marking Bits: (ParMarkBitMap*) 0x000000010e8c27a0
 Begin Bits: [0x000000011e9d5000, 0x00000001209d5000)
 End Bits:   [0x00000001209d5000, 0x00000001229d5000)

Polling page: 0x000000010d76a000

CodeCache: size=245760Kb used=3511Kb max_used=3520Kb free=242248Kb
 bounds [0x000000010ef69000, 0x000000010f2e9000, 0x000000011df69000]
 total_blobs=1251 nmethods=860 adapters=305
 compilation: enabled

Compilation events (10 events):
Event: 64.360 Thread 0x00007fbe44031000  856       3       org.lwjgl.input.Keyboard$KeyEvent::access$402 (7 bytes)
Event: 64.360 Thread 0x00007fbe44031000 nmethod 856 0x000000010f2d7150 code [0x000000010f2d72a0, 0x000000010f2d73f0]
Event: 64.833 Thread 0x00007fbe4302c800  857       4       java.nio.Bits::makeLong (77 bytes)
Event: 64.834 Thread 0x00007fbe4302c800 nmethod 857 0x000000010f2ae3d0 code [0x000000010f2ae500, 0x000000010f2ae598]
Event: 64.845 Thread 0x00007fbe4402f800  858       4       java.nio.Buffer::nextPutIndex (38 bytes)
Event: 64.845 Thread 0x00007fbe4402f800 nmethod 858 0x000000010f2db390 code [0x000000010f2db4e0, 0x000000010f2db578]
Event: 64.853 Thread 0x00007fbe4302c800  859       4       java.nio.Buffer::nextGetIndex (38 bytes)
Event: 64.854 Thread 0x00007fbe4302c800 nmethod 859 0x000000010f2d6ed0 code [0x000000010f2d7020, 0x000000010f2d70b8]
Event: 67.432 Thread 0x00007fbe44031000  860       3       org.lwjgl.opengl.MacOSXNativeKeyboard::keyPressed (32 bytes)
Event: 67.433 Thread 0x00007fbe44031000 nmethod 860 0x000000010f2b4910 code [0x000000010f2b4ac0, 0x000000010f2b4fb8]

GC Heap History (0 events):
No events

Deoptimization events (8 events):
Event: 0.281 Thread 0x00007fbe43075000 Uncommon trap: reason=unstable_if action=reinterpret pc=0x000000010f0ae180 method=java.lang.String.indexOf(II)I @ 49
Event: 4.301 Thread 0x00007fbe4300e000 Uncommon trap: reason=unstable_if action=reinterpret pc=0x000000010f2584c4 method=org.lwjgl.input.Keyboard.isKeyDown(I)Z @ 29
Event: 12.486 Thread 0x00007fbe4300e000 Uncommon trap: reason=unstable_if action=reinterpret pc=0x000000010f28c2b4 method=org.lwjgl.opengl.MacOSXDisplay.update()V @ 86
Event: 12.673 Thread 0x00007fbe4300e000 Uncommon trap: reason=unstable_if action=reinterpret pc=0x000000010f285190 method=org.lwjgl.opengl.MacOSXDisplay.update()V @ 86
Event: 62.273 Thread 0x00007fbe4300e000 Uncommon trap: reason=unstable_if action=reinterpret pc=0x000000010f2769cc method=org.lwjgl.input.Mouse.next()Z @ 46
Event: 62.273 Thread 0x00007fbe4300e000 Uncommon trap: reason=unstable_if action=reinterpret pc=0x000000010f291cf0 method=org.newdawn.slick.Input.poll(II)V @ 447
Event: 63.298 Thread 0x00007fbe4300e000 Uncommon trap: reason=unstable_if action=reinterpret pc=0x000000010f29ad08 method=DemoProgram.update(Lorg/newdawn/slick/GameContainer;I)V @ 53
Event: 67.629 Thread 0x00007fbe4300e000 Uncommon trap: reason=unstable_if action=reinterpret pc=0x000000010f2a14a8 method=org.newdawn.slick.AppGameContainer.gameLoop()V @ 60

Internal exceptions (10 events):
Event: 0.041 Thread 0x00007fbe4300e000 Exception <a 'java/lang/NoSuchMethodError': Method sun.misc.Unsafe.defineClass(Ljava/lang/String;[BII)Ljava/lang/Class; name or signature does not match> (0x0000000795592d48) thrown at [/Users/java_re/workspace/8-2-build-macosx-x86_64/jdk8u45/3457/hotspot
Event: 0.041 Thread 0x00007fbe4300e000 Exception <a 'java/lang/NoSuchMethodError': Method sun.misc.Unsafe.prefetchRead(Ljava/lang/Object;J)V name or signature does not match> (0x0000000795592fd8) thrown at [/Users/java_re/workspace/8-2-build-macosx-x86_64/jdk8u45/3457/hotspot/src/share/vm/prim
Event: 0.136 Thread 0x00007fbe4300e000 Exception <a 'java/security/PrivilegedActionException'> (0x00000007958838a0) thrown at [/Users/java_re/workspace/8-2-build-macosx-x86_64/jdk8u45/3457/hotspot/src/share/vm/prims/jvm.cpp, line 1382]
Event: 0.136 Thread 0x00007fbe4300e000 Exception <a 'java/security/PrivilegedActionException'> (0x0000000795883a58) thrown at [/Users/java_re/workspace/8-2-build-macosx-x86_64/jdk8u45/3457/hotspot/src/share/vm/prims/jvm.cpp, line 1382]
Event: 0.137 Thread 0x00007fbe4300e000 Exception <a 'java/security/PrivilegedActionException'> (0x0000000795886dd8) thrown at [/Users/java_re/workspace/8-2-build-macosx-x86_64/jdk8u45/3457/hotspot/src/share/vm/prims/jvm.cpp, line 1382]
Event: 0.137 Thread 0x00007fbe4300e000 Exception <a 'java/security/PrivilegedActionException'> (0x0000000795886f90) thrown at [/Users/java_re/workspace/8-2-build-macosx-x86_64/jdk8u45/3457/hotspot/src/share/vm/prims/jvm.cpp, line 1382]
Event: 0.265 Thread 0x00007fbe4300e000 Exception <a 'java/io/FileNotFoundException'> (0x000000079588adb0) thrown at [/Users/java_re/workspace/8-2-build-macosx-x86_64/jdk8u45/3457/hotspot/src/share/vm/prims/jni.cpp, line 709]
Event: 0.265 Thread 0x00007fbe4300e000 Exception <a 'java/io/FileNotFoundException'> (0x000000079588b8d0) thrown at [/Users/java_re/workspace/8-2-build-macosx-x86_64/jdk8u45/3457/hotspot/src/share/vm/prims/jni.cpp, line 709]
Event: 0.316 Thread 0x00007fbe43075000 Exception <a 'java/lang/NoSuchFieldError': method resolution failed> (0x0000000795a38550) thrown at [/Users/java_re/workspace/8-2-build-macosx-x86_64/jdk8u45/3457/hotspot/src/share/vm/prims/methodHandles.cpp, line 1125]
Event: 0.318 Thread 0x00007fbe43075000 Exception <a 'java/lang/NoSuchFieldError': method resolution failed> (0x0000000795a46bf0) thrown at [/Users/java_re/workspace/8-2-build-macosx-x86_64/jdk8u45/3457/hotspot/src/share/vm/prims/methodHandles.cpp, line 1125]

Events (10 events):
Event: 62.273 Thread 0x00007fbe4300e000 DEOPT UNPACKING pc=0x000000010ef6e229 sp=0x0000700000219688 mode 2
Event: 62.273 Thread 0x00007fbe4300e000 Uncommon trap: trap_request=0xffffff65 fr.pc=0x000000010f291cf0
Event: 62.273 Thread 0x00007fbe4300e000 DEOPT PACKING pc=0x000000010f291cf0 sp=0x0000700000219720
Event: 62.273 Thread 0x00007fbe4300e000 DEOPT UNPACKING pc=0x000000010ef6e229 sp=0x00007000002196f8 mode 2
Event: 63.298 Thread 0x00007fbe4300e000 Uncommon trap: trap_request=0xffffff65 fr.pc=0x000000010f29ad08
Event: 63.298 Thread 0x00007fbe4300e000 DEOPT PACKING pc=0x000000010f29ad08 sp=0x0000700000219760
Event: 63.298 Thread 0x00007fbe4300e000 DEOPT UNPACKING pc=0x000000010ef6e229 sp=0x0000700000219718 mode 2
Event: 67.629 Thread 0x00007fbe4300e000 Uncommon trap: trap_request=0xffffff65 fr.pc=0x000000010f2a14a8
Event: 67.629 Thread 0x00007fbe4300e000 DEOPT PACKING pc=0x000000010f2a14a8 sp=0x0000700000219810
Event: 67.629 Thread 0x00007fbe4300e000 DEOPT UNPACKING pc=0x000000010ef6e229 sp=0x0000700000219808 mode 2


Dynamic libraries:
0x000000000439b000 	/System/Library/Frameworks/Cocoa.framework/Versions/A/Cocoa
0x000000000439b000 	/System/Library/Frameworks/Security.framework/Versions/A/Security
0x000000000439b000 	/System/Library/Frameworks/ApplicationServices.framework/Versions/A/ApplicationServices
0x000000000439b000 	/usr/lib/libz.1.dylib
0x000000000439b000 	/usr/lib/libSystem.B.dylib
0x000000000439b000 	/usr/lib/libobjc.A.dylib
0x000000000439b000 	/System/Library/Frameworks/CoreFoundation.framework/Versions/A/CoreFoundation
0x000000000439b000 	/System/Library/Frameworks/Foundation.framework/Versions/C/Foundation
0x000000000439b000 	/System/Library/Frameworks/AppKit.framework/Versions/C/AppKit
0x000000000439b000 	/System/Library/Frameworks/CoreData.framework/Versions/A/CoreData
0x000000000439b000 	/System/Library/PrivateFrameworks/RemoteViewServices.framework/Versions/A/RemoteViewServices
0x000000000439b000 	/System/Library/PrivateFrameworks/UIFoundation.framework/Versions/A/UIFoundation
0x000000000439b000 	/usr/lib/libScreenReader.dylib
0x000000000439b000 	/System/Library/Frameworks/Accelerate.framework/Versions/A/Accelerate
0x000000000439b000 	/System/Library/Frameworks/IOSurface.framework/Versions/A/IOSurface
0x000000000439b000 	/System/Library/Frameworks/AudioToolbox.framework/Versions/A/AudioToolbox
0x000000000439b000 	/System/Library/Frameworks/AudioUnit.framework/Versions/A/AudioUnit
0x000000000439b000 	/System/Library/PrivateFrameworks/DataDetectorsCore.framework/Versions/A/DataDetectorsCore
0x000000000439b000 	/System/Library/PrivateFrameworks/DesktopServicesPriv.framework/Versions/A/DesktopServicesPriv
0x000000000439b000 	/System/Library/Frameworks/Carbon.framework/Versions/A/Frameworks/HIToolbox.framework/Versions/A/HIToolbox
0x000000000439b000 	/System/Library/Frameworks/QuartzCore.framework/Versions/A/QuartzCore
0x000000000439b000 	/System/Library/Frameworks/Carbon.framework/Versions/A/Frameworks/SpeechRecognition.framework/Versions/A/SpeechRecognition
0x000000000439b000 	/usr/lib/libauto.dylib
0x000000000439b000 	/usr/lib/libicucore.A.dylib
0x000000000439b000 	/usr/lib/libxml2.2.dylib
0x000000000439b000 	/System/Library/PrivateFrameworks/CoreUI.framework/Versions/A/CoreUI
0x000000000439b000 	/System/Library/Frameworks/CoreAudio.framework/Versions/A/CoreAudio
0x000000000439b000 	/System/Library/Frameworks/DiskArbitration.framework/Versions/A/DiskArbitration
0x000000000439b000 	/usr/lib/liblangid.dylib
0x000000000439b000 	/System/Library/PrivateFrameworks/MultitouchSupport.framework/Versions/A/MultitouchSupport
0x000000000439b000 	/System/Library/Frameworks/IOKit.framework/Versions/A/IOKit
0x000000000439b000 	/usr/lib/libDiagnosticMessagesClient.dylib
0x000000000439b000 	/System/Library/Frameworks/CoreServices.framework/Versions/A/CoreServices
0x000000000439b000 	/System/Library/PrivateFrameworks/PerformanceAnalysis.framework/Versions/A/PerformanceAnalysis
0x000000000439b000 	/System/Library/PrivateFrameworks/GenerationalStorage.framework/Versions/A/GenerationalStorage
0x000000000439b000 	/System/Library/Frameworks/OpenGL.framework/Versions/A/OpenGL
0x000000000439b000 	/System/Library/PrivateFrameworks/Sharing.framework/Versions/A/Sharing
0x000000000439b000 	/System/Library/Frameworks/CoreGraphics.framework/Versions/A/CoreGraphics
0x000000000439b000 	/System/Library/Frameworks/CoreImage.framework/Versions/A/CoreImage
0x000000000439b000 	/System/Library/Frameworks/CoreText.framework/Versions/A/CoreText
0x000000000439b000 	/System/Library/Frameworks/ImageIO.framework/Versions/A/ImageIO
0x000000000439b000 	/System/Library/PrivateFrameworks/Backup.framework/Versions/A/Backup
0x000000000439b000 	/usr/lib/libextension.dylib
0x000000000439b000 	/usr/lib/libarchive.2.dylib
0x000000000439b000 	/System/Library/Frameworks/CFNetwork.framework/Versions/A/CFNetwork
0x000000000439b000 	/System/Library/Frameworks/SystemConfiguration.framework/Versions/A/SystemConfiguration
0x000000000439b000 	/usr/lib/libCRFSuite.dylib
0x000000000439b000 	/usr/lib/libc++.1.dylib
0x000000000439b000 	/usr/lib/libc++abi.dylib
0x000000000439b000 	/usr/lib/system/libcache.dylib
0x000000000439b000 	/usr/lib/system/libcommonCrypto.dylib
0x000000000439b000 	/usr/lib/system/libcompiler_rt.dylib
0x000000000439b000 	/usr/lib/system/libcopyfile.dylib
0x000000000439b000 	/usr/lib/system/libcorecrypto.dylib
0x000000000439b000 	/usr/lib/system/libdispatch.dylib
0x000000000439b000 	/usr/lib/system/libdyld.dylib
0x000000000439b000 	/usr/lib/system/libkeymgr.dylib
0x000000000439b000 	/usr/lib/system/liblaunch.dylib
0x000000000439b000 	/usr/lib/system/libmacho.dylib
0x000000000439b000 	/usr/lib/system/libquarantine.dylib
0x000000000439b000 	/usr/lib/system/libremovefile.dylib
0x000000000439b000 	/usr/lib/system/libsystem_asl.dylib
0x000000000439b000 	/usr/lib/system/libsystem_blocks.dylib
0x000000000439b000 	/usr/lib/system/libsystem_c.dylib
0x000000000439b000 	/usr/lib/system/libsystem_configuration.dylib
0x000000000439b000 	/usr/lib/system/libsystem_coreservices.dylib
0x000000000439b000 	/usr/lib/system/libsystem_coretls.dylib
0x000000000439b000 	/usr/lib/system/libsystem_dnssd.dylib
0x000000000439b000 	/usr/lib/system/libsystem_info.dylib
0x000000000439b000 	/usr/lib/system/libsystem_kernel.dylib
0x000000000439b000 	/usr/lib/system/libsystem_m.dylib
0x000000000439b000 	/usr/lib/system/libsystem_malloc.dylib
0x000000000439b000 	/usr/lib/system/libsystem_network.dylib
0x000000000439b000 	/usr/lib/system/libsystem_networkextension.dylib
0x000000000439b000 	/usr/lib/system/libsystem_notify.dylib
0x000000000439b000 	/usr/lib/system/libsystem_platform.dylib
0x000000000439b000 	/usr/lib/system/libsystem_pthread.dylib
0x000000000439b000 	/usr/lib/system/libsystem_sandbox.dylib
0x000000000439b000 	/usr/lib/system/libsystem_secinit.dylib
0x000000000439b000 	/usr/lib/system/libsystem_trace.dylib
0x000000000439b000 	/usr/lib/system/libunc.dylib
0x000000000439b000 	/usr/lib/system/libunwind.dylib
0x000000000439b000 	/usr/lib/system/libxpc.dylib
0x000000000439b000 	/usr/lib/libenergytrace.dylib
0x000000000439b000 	/usr/lib/libbsm.0.dylib
0x000000000439b000 	/usr/lib/system/libkxld.dylib
0x000000000439b000 	/usr/lib/libxar.1.dylib
0x000000000439b000 	/usr/lib/libsqlite3.dylib
0x000000000439b000 	/usr/lib/libpam.2.dylib
0x000000000439b000 	/usr/lib/libOpenScriptingUtil.dylib
0x000000000439b000 	/usr/lib/libbz2.1.0.dylib
0x000000000439b000 	/usr/lib/liblzma.5.dylib
0x000000000439b000 	/System/Library/Frameworks/CoreServices.framework/Versions/A/Frameworks/FSEvents.framework/Versions/A/FSEvents
0x000000000439b000 	/System/Library/Frameworks/CoreServices.framework/Versions/A/Frameworks/CarbonCore.framework/Versions/A/CarbonCore
0x000000000439b000 	/System/Library/Frameworks/CoreServices.framework/Versions/A/Frameworks/Metadata.framework/Versions/A/Metadata
0x000000000439b000 	/System/Library/Frameworks/CoreServices.framework/Versions/A/Frameworks/OSServices.framework/Versions/A/OSServices
0x000000000439b000 	/System/Library/Frameworks/CoreServices.framework/Versions/A/Frameworks/SearchKit.framework/Versions/A/SearchKit
0x000000000439b000 	/System/Library/Frameworks/CoreServices.framework/Versions/A/Frameworks/AE.framework/Versions/A/AE
0x000000000439b000 	/System/Library/Frameworks/CoreServices.framework/Versions/A/Frameworks/LaunchServices.framework/Versions/A/LaunchServices
0x000000000439b000 	/System/Library/Frameworks/CoreServices.framework/Versions/A/Frameworks/DictionaryServices.framework/Versions/A/DictionaryServices
0x000000000439b000 	/System/Library/Frameworks/CoreServices.framework/Versions/A/Frameworks/SharedFileList.framework/Versions/A/SharedFileList
0x000000000439b000 	/System/Library/Frameworks/NetFS.framework/Versions/A/NetFS
0x000000000439b000 	/System/Library/PrivateFrameworks/NetAuth.framework/Versions/A/NetAuth
0x000000000439b000 	/System/Library/PrivateFrameworks/login.framework/Versions/A/Frameworks/loginsupport.framework/Versions/A/loginsupport
0x000000000439b000 	/System/Library/PrivateFrameworks/TCC.framework/Versions/A/TCC
0x000000000439b000 	/usr/lib/libmecabra.dylib
0x000000000439b000 	/System/Library/Frameworks/ApplicationServices.framework/Versions/A/Frameworks/ATS.framework/Versions/A/ATS
0x000000000439b000 	/System/Library/Frameworks/ApplicationServices.framework/Versions/A/Frameworks/ColorSync.framework/Versions/A/ColorSync
0x000000000439b000 	/System/Library/Frameworks/ApplicationServices.framework/Versions/A/Frameworks/HIServices.framework/Versions/A/HIServices
0x000000000439b000 	/System/Library/Frameworks/ApplicationServices.framework/Versions/A/Frameworks/LangAnalysis.framework/Versions/A/LangAnalysis
0x000000000439b000 	/System/Library/Frameworks/ApplicationServices.framework/Versions/A/Frameworks/PrintCore.framework/Versions/A/PrintCore
0x000000000439b000 	/System/Library/Frameworks/ApplicationServices.framework/Versions/A/Frameworks/QD.framework/Versions/A/QD
0x000000000439b000 	/System/Library/Frameworks/ApplicationServices.framework/Versions/A/Frameworks/SpeechSynthesis.framework/Versions/A/SpeechSynthesis
0x000000000439b000 	/System/Library/Frameworks/Metal.framework/Versions/A/Metal
0x000000000439b000 	/System/Library/Frameworks/Accelerate.framework/Versions/A/Frameworks/vImage.framework/Versions/A/vImage
0x000000000439b000 	/System/Library/Frameworks/Accelerate.framework/Versions/A/Frameworks/vecLib.framework/Versions/A/vecLib
0x000000000439b000 	/System/Library/Frameworks/Accelerate.framework/Versions/A/Frameworks/vecLib.framework/Versions/A/libvDSP.dylib
0x000000000439b000 	/System/Library/Frameworks/Accelerate.framework/Versions/A/Frameworks/vecLib.framework/Versions/A/libvMisc.dylib
0x000000000439b000 	/System/Library/Frameworks/Accelerate.framework/Versions/A/Frameworks/vecLib.framework/Versions/A/libLAPACK.dylib
0x000000000439b000 	/System/Library/Frameworks/Accelerate.framework/Versions/A/Frameworks/vecLib.framework/Versions/A/libBLAS.dylib
0x000000000439b000 	/System/Library/Frameworks/Accelerate.framework/Versions/A/Frameworks/vecLib.framework/Versions/A/libLinearAlgebra.dylib
0x000000000439b000 	/System/Library/Frameworks/Accelerate.framework/Versions/A/Frameworks/vecLib.framework/Versions/A/libSparseBLAS.dylib
0x000000000439b000 	/System/Library/PrivateFrameworks/GPUCompiler.framework/libmetal_timestamp.dylib
0x000000000439b000 	/System/Library/Frameworks/OpenGL.framework/Versions/A/Libraries/libCoreFSCache.dylib
0x000000000439b000 	/System/Library/PrivateFrameworks/IOAccelerator.framework/Versions/A/IOAccelerator
0x000000000439b000 	/System/Library/Frameworks/ApplicationServices.framework/Versions/A/Frameworks/ATS.framework/Versions/A/Resources/libFontParser.dylib
0x000000000439b000 	/System/Library/Frameworks/ApplicationServices.framework/Versions/A/Frameworks/ATS.framework/Versions/A/Resources/libFontRegistry.dylib
0x000000000439b000 	/System/Library/PrivateFrameworks/AppleVPA.framework/Versions/A/AppleVPA
0x000000000439b000 	/System/Library/PrivateFrameworks/AppleJPEG.framework/Versions/A/AppleJPEG
0x000000000439b000 	/System/Library/Frameworks/ImageIO.framework/Versions/A/Resources/libJPEG.dylib
0x000000000439b000 	/System/Library/Frameworks/ImageIO.framework/Versions/A/Resources/libTIFF.dylib
0x000000000439b000 	/System/Library/Frameworks/ImageIO.framework/Versions/A/Resources/libPng.dylib
0x000000000439b000 	/System/Library/Frameworks/ImageIO.framework/Versions/A/Resources/libGIF.dylib
0x000000000439b000 	/System/Library/Frameworks/ImageIO.framework/Versions/A/Resources/libJP2.dylib
0x000000000439b000 	/System/Library/Frameworks/ImageIO.framework/Versions/A/Resources/libRadiance.dylib
0x000000000439b000 	/System/Library/Frameworks/CoreVideo.framework/Versions/A/CoreVideo
0x000000000439b000 	/System/Library/Frameworks/OpenGL.framework/Versions/A/Libraries/libGLU.dylib
0x000000000439b000 	/System/Library/Frameworks/OpenGL.framework/Versions/A/Libraries/libGFXShared.dylib
0x000000000439b000 	/System/Library/Frameworks/OpenGL.framework/Versions/A/Libraries/libGL.dylib
0x000000000439b000 	/System/Library/Frameworks/OpenGL.framework/Versions/A/Libraries/libGLImage.dylib
0x000000000439b000 	/System/Library/Frameworks/OpenGL.framework/Versions/A/Libraries/libCVMSPluginSupport.dylib
0x000000000439b000 	/System/Library/Frameworks/OpenGL.framework/Versions/A/Libraries/libCoreVMClient.dylib
0x000000000439b000 	/usr/lib/libcups.2.dylib
0x000000000439b000 	/System/Library/Frameworks/Kerberos.framework/Versions/A/Kerberos
0x000000000439b000 	/System/Library/Frameworks/GSS.framework/Versions/A/GSS
0x000000000439b000 	/usr/lib/libresolv.9.dylib
0x000000000439b000 	/usr/lib/libiconv.2.dylib
0x000000000439b000 	/System/Library/PrivateFrameworks/Heimdal.framework/Versions/A/Heimdal
0x000000000439b000 	/usr/lib/libheimdal-asn1.dylib
0x000000000439b000 	/System/Library/Frameworks/OpenDirectory.framework/Versions/A/OpenDirectory
0x000000000439b000 	/System/Library/PrivateFrameworks/CommonAuth.framework/Versions/A/CommonAuth
0x000000000439b000 	/System/Library/Frameworks/OpenDirectory.framework/Versions/A/Frameworks/CFOpenDirectory.framework/Versions/A/CFOpenDirectory
0x000000000439b000 	/System/Library/Frameworks/SecurityFoundation.framework/Versions/A/SecurityFoundation
0x000000000439b000 	/System/Library/PrivateFrameworks/LanguageModeling.framework/Versions/A/LanguageModeling
0x000000000439b000 	/usr/lib/libmarisa.dylib
0x000000000439b000 	/usr/lib/libChineseTokenizer.dylib
0x000000000439b000 	/usr/lib/libcmph.dylib
0x000000000439b000 	/usr/lib/libcompression.dylib
0x000000000439b000 	/System/Library/Frameworks/ServiceManagement.framework/Versions/A/ServiceManagement
0x000000000439b000 	/usr/lib/libxslt.1.dylib
0x000000000439b000 	/System/Library/Frameworks/Carbon.framework/Versions/A/Frameworks/Ink.framework/Versions/A/Ink
0x000000000439b000 	/usr/lib/libFosl_dynamic.dylib
0x000000000439b000 	/System/Library/PrivateFrameworks/FaceCore.framework/Versions/A/FaceCore
0x000000000439b000 	/System/Library/Frameworks/OpenCL.framework/Versions/A/OpenCL
0x000000000439b000 	/System/Library/PrivateFrameworks/CrashReporterSupport.framework/Versions/A/CrashReporterSupport
0x000000000439b000 	/System/Library/PrivateFrameworks/IconServices.framework/Versions/A/IconServices
0x000000000439b000 	/System/Library/PrivateFrameworks/Apple80211.framework/Versions/A/Apple80211
0x000000000439b000 	/System/Library/Frameworks/CoreWLAN.framework/Versions/A/CoreWLAN
0x000000000439b000 	/System/Library/Frameworks/IOBluetooth.framework/Versions/A/IOBluetooth
0x000000000439b000 	/System/Library/PrivateFrameworks/CoreWiFi.framework/Versions/A/CoreWiFi
0x000000000439b000 	/System/Library/Frameworks/CoreBluetooth.framework/Versions/A/CoreBluetooth
0x000000000439b000 	/System/Library/PrivateFrameworks/ChunkingLibrary.framework/Versions/A/ChunkingLibrary
0x000000000439b000 	/System/Library/PrivateFrameworks/DebugSymbols.framework/Versions/A/DebugSymbols
0x000000000439b000 	/System/Library/PrivateFrameworks/CoreSymbolication.framework/Versions/A/CoreSymbolication
0x000000000439b000 	/System/Library/PrivateFrameworks/Symbolication.framework/Versions/A/Symbolication
0x000000000439b000 	/System/Library/PrivateFrameworks/SpeechRecognitionCore.framework/Versions/A/SpeechRecognitionCore
0x000000010e000000 	/Library/Java/JavaVirtualMachines/jdk1.8.0_45.jdk/Contents/Home/jre/lib/server/libjvm.dylib
0x000000000439b000 	/usr/lib/libstdc++.6.dylib
0x000000010d727000 	/Library/Java/JavaVirtualMachines/jdk1.8.0_45.jdk/Contents/Home/jre/lib/libverify.dylib
0x000000010d735000 	/Library/Java/JavaVirtualMachines/jdk1.8.0_45.jdk/Contents/Home/jre/lib/libjava.dylib
0x000000010d774000 	/Library/Java/JavaVirtualMachines/jdk1.8.0_45.jdk/Contents/Home/jre/lib/libzip.dylib
0x000000012485b000 	/System/Library/Frameworks/JavaVM.framework/Frameworks/JavaRuntimeSupport.framework/JavaRuntimeSupport
0x0000000124876000 	/System/Library/Frameworks/JavaVM.framework/Versions/A/Frameworks/JavaNativeFoundation.framework/Versions/A/JavaNativeFoundation
0x000000010d7ee000 	/System/Library/Frameworks/JavaVM.framework/Versions/A/JavaVM
0x000000000439b000 	/System/Library/Frameworks/Carbon.framework/Versions/A/Carbon
0x000000012488b000 	/System/Library/PrivateFrameworks/JavaLaunching.framework/Versions/A/JavaLaunching
0x000000000439b000 	/System/Library/Frameworks/Carbon.framework/Versions/A/Frameworks/CommonPanels.framework/Versions/A/CommonPanels
0x000000000439b000 	/System/Library/Frameworks/Carbon.framework/Versions/A/Frameworks/Help.framework/Versions/A/Help
0x000000000439b000 	/System/Library/Frameworks/Carbon.framework/Versions/A/Frameworks/ImageCapture.framework/Versions/A/ImageCapture
0x000000000439b000 	/System/Library/Frameworks/Carbon.framework/Versions/A/Frameworks/OpenScripting.framework/Versions/A/OpenScripting
0x000000000439b000 	/System/Library/Frameworks/Carbon.framework/Versions/A/Frameworks/Print.framework/Versions/A/Print
0x000000000439b000 	/System/Library/Frameworks/Carbon.framework/Versions/A/Frameworks/SecurityHI.framework/Versions/A/SecurityHI
0x00000001261cb000 	/Library/Java/JavaVirtualMachines/jdk1.8.0_45.jdk/Contents/Home/jre/lib/libawt.dylib
0x0000000126273000 	/Library/Java/JavaVirtualMachines/jdk1.8.0_45.jdk/Contents/Home/jre/lib/./libmlib_image.dylib
0x000000012633f000 	/Library/Java/JavaVirtualMachines/jdk1.8.0_45.jdk/Contents/Home/jre/lib/libawt_lwawt.dylib
0x00000001263f3000 	/Library/Java/JavaVirtualMachines/jdk1.8.0_45.jdk/Contents/Home/jre/lib/./libosxapp.dylib
0x000000000439b000 	/System/Library/Frameworks/ExceptionHandling.framework/Versions/A/ExceptionHandling
0x000000000439b000 	/System/Library/PrivateFrameworks/CoreServicesInternal.framework/Versions/A/CoreServicesInternal
0x000000000439b000 	/System/Library/Frameworks/CoreGraphics.framework/Versions/A/Resources/libRIP.A.dylib
0x000000000439b000 	/System/Library/Frameworks/Accelerate.framework/Versions/A/Frameworks/vImage.framework/Versions/A/Libraries/libCGInterfaces.dylib
0x000000000439b000 	/System/Library/Frameworks/CoreGraphics.framework/Versions/A/Resources/libCGXType.A.dylib
0x000000000439b000 	/System/Library/Frameworks/OpenCL.framework/Versions/A/Libraries/libcldcpuengine.dylib
0x000000000439b000 	/System/Library/PrivateFrameworks/DiskImages.framework/Versions/A/DiskImages
0x000000000439b000 	/System/Library/Frameworks/DiscRecording.framework/Versions/A/DiscRecording
0x000000000439b000 	/usr/lib/libcsfde.dylib
0x000000000439b000 	/usr/lib/libcurl.4.dylib
0x000000000439b000 	/System/Library/PrivateFrameworks/MediaKit.framework/Versions/A/MediaKit
0x000000000439b000 	/System/Library/PrivateFrameworks/ProtectedCloudStorage.framework/Versions/A/ProtectedCloudStorage
0x000000000439b000 	/usr/lib/libCoreStorage.dylib
0x000000000439b000 	/System/Library/PrivateFrameworks/EFILogin.framework/Versions/A/EFILogin
0x000000000439b000 	/usr/lib/libutil.dylib
0x000000000439b000 	/System/Library/PrivateFrameworks/FindMyDevice.framework/Versions/A/FindMyDevice
0x000000000439b000 	/System/Library/Frameworks/LDAP.framework/Versions/A/LDAP
0x000000000439b000 	/usr/lib/libsasl2.2.dylib
0x000000000439b000 	/System/Library/PrivateFrameworks/CoreDaemon.framework/Versions/B/CoreDaemon
0x000000000439b000 	/usr/lib/libcrypto.0.9.8.dylib
0x000000000439b000 	/System/Library/PrivateFrameworks/AppleSRP.framework/Versions/A/AppleSRP
0x000000000439b000 	/System/Library/PrivateFrameworks/TrustEvaluationAgent.framework/Versions/A/TrustEvaluationAgent
0x0000000127ff4000 	cl_kernels
0x000000000439b000 	/System/Library/Frameworks/OpenCL.framework/Versions/A/Libraries/ImageFormats/unorm8_bgra.dylib
0x000000000439b000 	/System/Library/Frameworks/OpenCL.framework/Versions/A/Libraries/ImageFormats/unorm8_rgba.dylib
0x000000000439b000 	/System/Library/PrivateFrameworks/FamilyControls.framework/Versions/A/FamilyControls
0x000000000439b000 	/System/Library/PrivateFrameworks/CommerceKit.framework/Versions/A/Frameworks/CommerceCore.framework/Versions/A/CommerceCore
0x000000000439b000 	/System/Library/PrivateFrameworks/SystemAdministration.framework/Versions/A/SystemAdministration
0x000000000439b000 	/System/Library/PrivateFrameworks/AppContainer.framework/Versions/A/AppContainer
0x000000000439b000 	/System/Library/PrivateFrameworks/SecCodeWrapper.framework/Versions/A/SecCodeWrapper
0x000000000439b000 	/System/Library/Frameworks/DirectoryService.framework/Versions/A/DirectoryService
0x000000000439b000 	/System/Library/PrivateFrameworks/LoginUIKit.framework/Versions/A/Frameworks/LoginUICore.framework/Versions/A/LoginUICore
0x000000000439b000 	/usr/lib/libodfde.dylib
0x00000001290cf000 	/Library/Java/JavaVirtualMachines/jdk1.8.0_45.jdk/Contents/Home/jre/lib/libfontmanager.dylib
0x0000000129136000 	/Users/eshan/Documents/Eclipse/JAVA/lib/lwjgl-2.9.3/native/macosx/liblwjgl.dylib
0x0000000126d05000 	/Library/Java/JavaVirtualMachines/jdk1.8.0_45.jdk/Contents/Home/jre/lib/libjawt.dylib
0x000000000439b000 	/System/Library/Frameworks/OpenGL.framework/Versions/A/Resources/GLEngine.bundle/GLEngine
0x000000000439b000 	/System/Library/Frameworks/OpenGL.framework/Versions/A/Libraries/libGLProgrammability.dylib
0x00000001291d4000 	/System/Library/Extensions/AppleIntelBDWGraphicsGLDriver.bundle/Contents/MacOS/AppleIntelBDWGraphicsGLDriver
0x000000000439b000 	/System/Library/PrivateFrameworks/GPUSupport.framework/Versions/A/Libraries/libGPUSupportMercury.dylib
0x000000000439b000 	/System/Library/Frameworks/OpenGL.framework/Versions/A/Resources/GLRendererFloat.bundle/GLRendererFloat
0x000000012b147000 	/Users/eshan/Documents/Eclipse/JAVA/lib/lwjgl-2.9.3/native/macosx/libjinput-osx.dylib
0x000000012b14c000 	/System/Library/Extensions/IOHIDFamily.kext/Contents/PlugIns/IOHIDLib.plugin/Contents/MacOS/IOHIDLib

VM Arguments:
jvm_args: -Djava.library.path=/Users/eshan/Documents/Eclipse/JAVA/lib/lwjgl-2.9.3/native/macosx -Dfile.encoding=UTF-8 
java_command: DemoProgram
java_class_path (initial): /Users/eshan/Documents/Eclipse/JAVA/SlickRick/bin:/Users/eshan/Documents/Eclipse/JAVA/lib/slick/lib/jinput.jar:/Users/eshan/Documents/Eclipse/JAVA/lib/slick/lib/lwjgl_util.jar:/Users/eshan/Documents/Eclipse/JAVA/lib/slick/lib/lwjgl.jar:/Users/eshan/Documents/Eclipse/JAVA/lib/slick/lib/slick.jar
Launcher Type: SUN_STANDARD

Environment Variables:
PATH=/usr/bin:/bin:/usr/sbin:/sbin
SHELL=/bin/bash
DISPLAY=/private/tmp/com.apple.launchd.pOvaVV7Pew/org.macosforge.xquartz:0

Signal Handlers:
SIGSEGV: [libjvm.dylib+0x58ef95], sa_mask[0]=11111111011111110111111111111111, sa_flags=SA_ONSTACK|SA_RESTART|SA_SIGINFO
SIGBUS: [libjvm.dylib+0x58ef95], sa_mask[0]=11111111011111110111111111111111, sa_flags=SA_RESTART|SA_SIGINFO
SIGFPE: [libjvm.dylib+0x46c108], sa_mask[0]=11111111011111110111111111111111, sa_flags=SA_RESTART|SA_SIGINFO
SIGPIPE: [libjvm.dylib+0x46c108], sa_mask[0]=11111111011111110111111111111111, sa_flags=SA_RESTART|SA_SIGINFO
SIGXFSZ: [libjvm.dylib+0x46c108], sa_mask[0]=11111111011111110111111111111111, sa_flags=SA_RESTART|SA_SIGINFO
SIGILL: [libjvm.dylib+0x46c108], sa_mask[0]=11111111011111110111111111111111, sa_flags=SA_RESTART|SA_SIGINFO
SIGUSR1: SIG_DFL, sa_mask[0]=00000000000000000000000000000000, sa_flags=none
SIGUSR2: [libjvm.dylib+0x46bc26], sa_mask[0]=00100000000000000000000000000000, sa_flags=SA_RESTART|SA_SIGINFO
SIGHUP: [libjvm.dylib+0x46a1f9], sa_mask[0]=11111111011111110111111111111111, sa_flags=SA_RESTART|SA_SIGINFO
SIGINT: [libjvm.dylib+0x46a1f9], sa_mask[0]=11111111011111110111111111111111, sa_flags=SA_RESTART|SA_SIGINFO
SIGTERM: [libjvm.dylib+0x46a1f9], sa_mask[0]=11111111011111110111111111111111, sa_flags=SA_RESTART|SA_SIGINFO
SIGQUIT: [libjvm.dylib+0x46a1f9], sa_mask[0]=11111111011111110111111111111111, sa_flags=SA_RESTART|SA_SIGINFO


---------------  S Y S T E M  ---------------

OS:Bsduname:Darwin 15.0.0 Darwin Kernel Version 15.0.0: Wed Aug 26 16:57:32 PDT 2015; root:xnu-3247.1.106~1/RELEASE_X86_64 x86_64
rlimit: STACK 8192k, CORE 0k, NPROC 709, NOFILE 10240, AS infinity
load average:1.69 1.58 1.60

CPU:total 4 (2 cores per cpu, 2 threads per core) family 6 model 61 stepping 4, cmov, cx8, fxsr, mmx, sse, sse2, sse3, ssse3, sse4.1, sse4.2, popcnt, avx, avx2, aes, clmul, erms, 3dnowpref, lzcnt, ht, tsc, tscinvbit, bmi1, bmi2, adx

Memory: 4k page, physical 8388608k(1182916k free)

/proc/meminfo:


vm_info: Java HotSpot(TM) 64-Bit Server VM (25.45-b02) for bsd-amd64 JRE (1.8.0_45-b14), built on Apr 10 2015 10:46:38 by "java_re" with gcc 4.2.1 (Based on Apple Inc. build 5658) (LLVM build 2336.11.00)

time: Mon Dec 21 09:10:00 2015
elapsed time: 67 seconds (0d 0h 1m 7s)

