#
# A fatal error has been detected by the Java Runtime Environment:
#
#  SIGSEGV (0xb) at pc=0x00007fff90939d5d, pid=18087, tid=2571
#
# JRE version: Java(TM) SE Runtime Environment (8.0_45-b14) (build 1.8.0_45-b14)
# Java VM: Java HotSpot(TM) 64-Bit Server VM (25.45-b02 mixed mode bsd-amd64 compressed oops)
# Problematic frame:
# C  [libobjc.A.dylib+0x6d5d]  objc_msgSend+0x1d
#
# Failed to write core dump. Core dumps have been disabled. To enable core dumping, try "ulimit -c unlimited" before starting Java again
#
# If you would like to submit a bug report, please visit:
#   http://bugreport.java.com/bugreport/crash.jsp
# The crash happened outside the Java Virtual Machine in native code.
# See problematic frame for where to report the bug.
#

---------------  T H R E A D  ---------------

Current thread (0x00007ffd4a061800):  JavaThread "AppKit Thread" daemon [_thread_in_native, id=2571, stack(0x00007fff5ba43000,0x00007fff5c243000)]

siginfo: si_signo: 11 (SIGSEGV), si_code: 1 (SEGV_MAPERR), si_addr: 0x0000726574736978

Registers:
RAX=0x00007ffd4844cd40, RBX=0x00007fff5c23e018, RCX=0x00007ffd487651f8, RDX=0x00007ffd4875aec0
RSP=0x00007fff5c23dfd8, RBP=0x00007fff5c23dfe0, RSI=0x00007fff9705aa75, RDI=0x00007ffd4844cd40
R8 =0x000000000000001f, R9 =0x00007ffd4875ec40, R10=0x00007fff9705aa75, R11=0x0000726574736960
R12=0x00007ffd4875aec0, R13=0x00007ffd4875ec40, R14=0x00007ffd487651f0, R15=0x0000000000000000
RIP=0x00007fff90939d5d, EFLAGS=0x0000000000010206, ERR=0x0000000000000004
  TRAPNO=0x000000000000000e

Top of Stack: (sp=0x00007fff5c23dfd8)
0x00007fff5c23dfd8:   00007fff85fd2a0c 00007fff5c23e000
0x00007fff5c23dfe8:   00007fff85fd299f 0000000000000000
0x00007fff5c23dff8:   0000000000000000 00007fff5c23e070
0x00007fff5c23e008:   00007fff85fd2917 00007fff5c23e040
0x00007fff5c23e018:   00007fff747bd0a0 0000000042000000
0x00007fff5c23e028:   00007fff85fd2960 00007fff747ce6f0
0x00007fff5c23e038:   00007ffd4875ec40 00007ffd4875aec0
0x00007fff5c23e048:   00007fff5c23e818 00007fff748f9bd0
0x00007fff5c23e058:   00007fff5c23e818 00007ffd4875ec40
0x00007fff5c23e068:   00007fff86391955 00007fff5c23e0b0
0x00007fff5c23e078:   00007fff85fd2682 00007fff5c23e690
0x00007fff5c23e088:   0000000000000001 00007fff748f9bd0
0x00007fff5c23e098:   00007fff5c23e818 00007fff90939d40
0x00007fff5c23e0a8:   00007fff86391955 00007fff5c23e7c0
0x00007fff5c23e0b8:   00007fff85f8f442 00007ffd4878c050
0x00007fff5c23e0c8:   ffff8002b7873fb0 00007fff7624ad00
0x00007fff5c23e0d8:   00007ffd48604150 00007ffd490050b8
0x00007fff5c23e0e8:   00007ffd48682be0 0000000000000000
0x00007fff5c23e0f8:   0000000000000000 0000000000000000
0x00007fff5c23e108:   00007ffd486838f0 00007fff7480b5b0
0x00007fff5c23e118:   00007fff5c23e690 0000000000000002
0x00007fff5c23e128:   0000000000000100 00007fff5c23e100
0x00007fff5c23e138:   00007fff5c23e590 0000000000000000
0x00007fff5c23e148:   0000000000000100 00007fff5c23e100
0x00007fff5c23e158:   00007fff748f9bd0 0000000000000000
0x00007fff5c23e168:   00007fff747cf490 00007fff748f9bd0
0x00007fff5c23e178:   0000000000000000 00007fff747cf490
0x00007fff5c23e188:   00007fff7624ad00 00007fff5c23e200
0x00007fff5c23e198:   00007fff90941b34 0000000000000000
0x00007fff5c23e1a8:   00007fff7624c690 0000000100000000
0x00007fff5c23e1b8:   0000000000000000 ffff8002b79ce420
0x00007fff5c23e1c8:   00007ffd4864c6f0 00007ffd4864c790 

Instructions: (pc=0x00007fff90939d5d)
0x00007fff90939d3d:   44 00 00 48 85 ff 2e 74 62 40 f6 c7 01 2e 75 66
0x00007fff90939d4d:   49 bb f8 ff ff ff ff 7f 00 00 4c 23 1f 49 89 f2
0x00007fff90939d5d:   45 23 53 18 49 c1 e2 04 4d 03 53 10 49 3b 32 75
0x00007fff90939d6d:   04 41 ff 62 08 49 83 3a 01 76 0d 49 83 c2 10 49 

Register to memory mapping:

RAX=0x00007ffd4844cd40 is an unknown value
RBX=0x00007fff5c23e018 is pointing into the stack for thread: 0x00007ffd4a061800
RCX=0x00007ffd487651f8 is an unknown value
RDX=0x00007ffd4875aec0 is an unknown value
RSP=0x00007fff5c23dfd8 is pointing into the stack for thread: 0x00007ffd4a061800
RBP=0x00007fff5c23dfe0 is pointing into the stack for thread: 0x00007ffd4a061800
RSI=0x00007fff9705aa75: -[NSTitlebarContainerView transparent]+0x630eb in /System/Library/Frameworks/AppKit.framework/Versions/C/AppKit at 0x00007fff965d3000
RDI=0x00007ffd4844cd40 is an unknown value
R8 =0x000000000000001f is an unknown value
R9 =0x00007ffd4875ec40 is an unknown value
R10=0x00007fff9705aa75: -[NSTitlebarContainerView transparent]+0x630eb in /System/Library/Frameworks/AppKit.framework/Versions/C/AppKit at 0x00007fff965d3000
R11=0x0000726574736960 is an unknown value
R12=0x00007ffd4875aec0 is an unknown value
R13=0x00007ffd4875ec40 is an unknown value
R14=0x00007ffd487651f0 is an unknown value
R15=0x0000000000000000 is an unknown value


Stack: [0x00007fff5ba43000,0x00007fff5c243000],  sp=0x00007fff5c23dfd8,  free space=8171k
Native frames: (J=compiled Java code, j=interpreted, Vv=VM code, C=native code)
C  [libobjc.A.dylib+0x6d5d]  objc_msgSend+0x1d
C  [CoreFoundation+0xa099f]  ___CFXRegistrationPost_block_invoke+0x3f
C  [CoreFoundation+0xa0917]  _CFXRegistrationPost+0x197
C  [CoreFoundation+0xa0682]  ___CFXNotificationPost_block_invoke+0x32
C  [CoreFoundation+0x5d442]  -[_CFXNotificationRegistrar find:object:observer:enumerator:]+0x782
C  [CoreFoundation+0x5c695]  _CFXNotificationPost+0x2b5
C  [Foundation+0x731a]  -[NSNotificationCenter postNotificationName:object:userInfo:]+0x42
C  [AppKit+0x266af6]  -[NSSurface _disposeSurface]+0xa9
C  [AppKit+0x26654f]  -[NSSurface setWindow:]+0x42
C  [AppKit+0x29cbf]  -[NSView _setWindow:]+0x9be
C  [AppKit+0x2caab]  -[NSView removeFromSuperview]+0x1d7
C  [AppKit+0x156957]  -[NSView removeFromSuperviewWithoutNeedingDisplay]+0x26
C  [liblwjgl.dylib+0xa205]  +[MacOSXKeyableWindow destroyWindow]+0xb5
C  [Foundation+0x7754e]  __NSThreadPerformPerform+0x117
C  [CoreFoundation+0xaa621]  __CFRUNLOOP_IS_CALLING_OUT_TO_A_SOURCE0_PERFORM_FUNCTION__+0x11
C  [CoreFoundation+0x89e1c]  __CFRunLoopDoSources0+0x22c
C  [CoreFoundation+0x8933f]  __CFRunLoopRun+0x39f
C  [CoreFoundation+0x88d38]  CFRunLoopRunSpecific+0x128
C  [HIToolbox+0x30d55]  RunCurrentEventLoopInMode+0xeb
C  [HIToolbox+0x30b8f]  ReceiveNextEventCommon+0x1b0
C  [HIToolbox+0x309cf]  _BlockUntilNextEventMatchingListInModeWithFilter+0x47
C  [AppKit+0x49f3a]  _DPSNextEvent+0x42b
C  [AppKit+0x49369]  -[NSApplication _nextEventMatchingEventMask:untilDate:inMode:dequeue:]+0x1c6
C  [libosxapp.dylib+0x242a]  -[NSApplicationAWT nextEventMatchingMask:untilDate:inMode:dequeue:]+0x7c
C  [AppKit+0x3decc]  -[NSApplication run]+0x2aa
C  [libosxapp.dylib+0x223e]  +[NSApplicationAWT runAWTLoopWithApp:]+0x9c
C  [libawt_lwawt.dylib+0x4462b]  -[AWTStarter starter:]+0x389
C  [Foundation+0x7754e]  __NSThreadPerformPerform+0x117
C  [CoreFoundation+0xaa621]  __CFRUNLOOP_IS_CALLING_OUT_TO_A_SOURCE0_PERFORM_FUNCTION__+0x11
C  [CoreFoundation+0x89e1c]  __CFRunLoopDoSources0+0x22c
C  [CoreFoundation+0x8933f]  __CFRunLoopRun+0x39f
C  [CoreFoundation+0x88d38]  CFRunLoopRunSpecific+0x128
C  [java+0x6490]  CreateExecutionEnvironment+0x367
C  [java+0x221c]  JLI_Launch+0x7a0
C  [java+0x84ed]  main+0x65
C  [java+0x1a74]  start+0x34
C  0x0000000000000006


---------------  P R O C E S S  ---------------

Java Threads: ( => current thread )
  0x00007ffd48879800 JavaThread "AWT-Shutdown" [_thread_blocked, id=30487, stack(0x0000700001150000,0x0000700001250000)]
=>0x00007ffd4a061800 JavaThread "AppKit Thread" daemon [_thread_in_native, id=2571, stack(0x00007fff5ba43000,0x00007fff5c243000)]
  0x00007ffd4985f800 JavaThread "Service Thread" daemon [_thread_blocked, id=18691, stack(0x0000700000e44000,0x0000700000f44000)]
  0x00007ffd49854800 JavaThread "C1 CompilerThread2" daemon [_thread_blocked, id=18179, stack(0x0000700000d41000,0x0000700000e41000)]
  0x00007ffd4903f800 JavaThread "C2 CompilerThread1" daemon [_thread_blocked, id=17667, stack(0x0000700000c3e000,0x0000700000d3e000)]
  0x00007ffd49809000 JavaThread "C2 CompilerThread0" daemon [_thread_blocked, id=17155, stack(0x0000700000b3b000,0x0000700000c3b000)]
  0x00007ffd49806000 JavaThread "Signal Dispatcher" daemon [_thread_blocked, id=13839, stack(0x0000700000a38000,0x0000700000b38000)]
  0x00007ffd4880c000 JavaThread "Finalizer" daemon [_thread_blocked, id=12291, stack(0x000070000082f000,0x000070000092f000)]
  0x00007ffd4a050800 JavaThread "Reference Handler" daemon [_thread_blocked, id=11779, stack(0x000070000072c000,0x000070000082c000)]
  0x00007ffd4900c000 JavaThread "main" [_thread_in_native, id=5891, stack(0x000070000011a000,0x000070000021a000)]

Other Threads:
  0x00007ffd4a04e000 VMThread [stack: 0x0000700000629000,0x0000700000729000] [id=11267]
  0x00007ffd49805800 WatcherThread [stack: 0x0000700000f47000,0x0000700001047000] [id=19203]

VM state:not at safepoint (normal execution)

VM Mutex/Monitor currently owned by a thread: None

Heap:
 PSYoungGen      total 38400K, used 15002K [0x0000000795580000, 0x0000000798000000, 0x00000007c0000000)
  eden space 33280K, 45% used [0x0000000795580000,0x0000000796426b08,0x0000000797600000)
  from space 5120K, 0% used [0x0000000797b00000,0x0000000797b00000,0x0000000798000000)
  to   space 5120K, 0% used [0x0000000797600000,0x0000000797600000,0x0000000797b00000)
 ParOldGen       total 87552K, used 0K [0x0000000740000000, 0x0000000745580000, 0x0000000795580000)
  object space 87552K, 0% used [0x0000000740000000,0x0000000740000000,0x0000000745580000)
 Metaspace       used 7106K, capacity 7275K, committed 7552K, reserved 1056768K
  class space    used 717K, capacity 792K, committed 896K, reserved 1048576K

Card table byte_map: [0x0000000114929000,0x0000000114d2a000] byte_map_base: 0x0000000110f29000

Marking Bits: (ParMarkBitMap*) 0x0000000104ec27a0
 Begin Bits: [0x0000000114fd5000, 0x0000000116fd5000)
 End Bits:   [0x0000000116fd5000, 0x0000000118fd5000)

Polling page: 0x0000000103c80000

CodeCache: size=245760Kb used=2890Kb max_used=2890Kb free=242869Kb
 bounds [0x0000000105569000, 0x0000000105849000, 0x0000000114569000]
 total_blobs=1163 nmethods=764 adapters=313
 compilation: enabled

Compilation events (10 events):
Event: 6.913 Thread 0x00007ffd49854800  761       3       java.util.HashSet::isEmpty (8 bytes)
Event: 6.913 Thread 0x00007ffd49854800 nmethod 761 0x00000001058387d0 code [0x0000000105838940, 0x0000000105838bd0]
Event: 6.957 Thread 0x00007ffd49854800  762       3       java.lang.Math::max (46 bytes)
Event: 6.958 Thread 0x00007ffd49854800 nmethod 762 0x0000000105838290 code [0x0000000105838400, 0x0000000105838750]
Event: 6.958 Thread 0x00007ffd49854800  763       3       java.util.Arrays::copyOf (13 bytes)
Event: 6.958 Thread 0x00007ffd49854800 nmethod 763 0x0000000105837e50 code [0x0000000105837fc0, 0x00000001058381c8]
Event: 7.302 Thread 0x00007ffd49854800  764  s    3       sun.misc.Resource::cachedInputStream (20 bytes)
Event: 7.302 Thread 0x00007ffd49854800 nmethod 764 0x0000000105837850 code [0x00000001058379c0, 0x0000000105837da8]
Event: 7.302 Thread 0x00007ffd49854800  765       3       java.security.CodeSource::getCertificates (98 bytes)
Event: 7.303 Thread 0x00007ffd49854800 nmethod 765 0x000000010583c290 code [0x000000010583c4c0, 0x000000010583d0b8]

GC Heap History (0 events):
No events

Deoptimization events (1 events):
Event: 0.312 Thread 0x00007ffd4a061800 Uncommon trap: reason=unstable_if action=reinterpret pc=0x00000001056b0380 method=java.lang.String.indexOf(II)I @ 49

Internal exceptions (10 events):
Event: 0.053 Thread 0x00007ffd4900c000 Exception <a 'java/lang/NoSuchMethodError': Method sun.misc.Unsafe.defineClass(Ljava/lang/String;[BII)Ljava/lang/Class; name or signature does not match> (0x0000000795592c78) thrown at [/Users/java_re/workspace/8-2-build-macosx-x86_64/jdk8u45/3457/hotspot
Event: 0.053 Thread 0x00007ffd4900c000 Exception <a 'java/lang/NoSuchMethodError': Method sun.misc.Unsafe.prefetchRead(Ljava/lang/Object;J)V name or signature does not match> (0x0000000795592f08) thrown at [/Users/java_re/workspace/8-2-build-macosx-x86_64/jdk8u45/3457/hotspot/src/share/vm/prim
Event: 0.160 Thread 0x00007ffd4900c000 Exception <a 'java/security/PrivilegedActionException'> (0x000000079589a340) thrown at [/Users/java_re/workspace/8-2-build-macosx-x86_64/jdk8u45/3457/hotspot/src/share/vm/prims/jvm.cpp, line 1382]
Event: 0.160 Thread 0x00007ffd4900c000 Exception <a 'java/security/PrivilegedActionException'> (0x000000079589a4f8) thrown at [/Users/java_re/workspace/8-2-build-macosx-x86_64/jdk8u45/3457/hotspot/src/share/vm/prims/jvm.cpp, line 1382]
Event: 0.161 Thread 0x00007ffd4900c000 Exception <a 'java/security/PrivilegedActionException'> (0x000000079589d878) thrown at [/Users/java_re/workspace/8-2-build-macosx-x86_64/jdk8u45/3457/hotspot/src/share/vm/prims/jvm.cpp, line 1382]
Event: 0.161 Thread 0x00007ffd4900c000 Exception <a 'java/security/PrivilegedActionException'> (0x000000079589da30) thrown at [/Users/java_re/workspace/8-2-build-macosx-x86_64/jdk8u45/3457/hotspot/src/share/vm/prims/jvm.cpp, line 1382]
Event: 0.297 Thread 0x00007ffd4900c000 Exception <a 'java/io/FileNotFoundException'> (0x00000007958a1850) thrown at [/Users/java_re/workspace/8-2-build-macosx-x86_64/jdk8u45/3457/hotspot/src/share/vm/prims/jni.cpp, line 709]
Event: 0.297 Thread 0x00007ffd4900c000 Exception <a 'java/io/FileNotFoundException'> (0x00000007958a2370) thrown at [/Users/java_re/workspace/8-2-build-macosx-x86_64/jdk8u45/3457/hotspot/src/share/vm/prims/jni.cpp, line 709]
Event: 0.348 Thread 0x00007ffd4a061800 Exception <a 'java/lang/NoSuchFieldError': method resolution failed> (0x0000000795a3c0e0) thrown at [/Users/java_re/workspace/8-2-build-macosx-x86_64/jdk8u45/3457/hotspot/src/share/vm/prims/methodHandles.cpp, line 1125]
Event: 0.349 Thread 0x00007ffd4a061800 Exception <a 'java/lang/NoSuchFieldError': method resolution failed> (0x0000000795a4a780) thrown at [/Users/java_re/workspace/8-2-build-macosx-x86_64/jdk8u45/3457/hotspot/src/share/vm/prims/methodHandles.cpp, line 1125]

Events (10 events):
Event: 3.477 loading class org/newdawn/slick/geom/NeatTriangulator$Triangle
Event: 3.477 loading class org/newdawn/slick/geom/NeatTriangulator$Triangle done
Event: 3.477 loading class org/newdawn/slick/geom/ShapeRenderer$1
Event: 3.477 loading class org/newdawn/slick/geom/ShapeRenderer$1 done
Event: 3.657 loading class sprites/Explosion
Event: 3.657 loading class sprites/Explosion done
Event: 4.126 Executing VM operation: EnableBiasedLocking
Event: 4.126 Executing VM operation: EnableBiasedLocking done
Event: 7.301 loading class org/lwjgl/opengl/CallbackUtil
Event: 7.301 loading class org/lwjgl/opengl/CallbackUtil done


Dynamic libraries:
0x000000000439b000 	/System/Library/Frameworks/Cocoa.framework/Versions/A/Cocoa
0x000000000439b000 	/System/Library/Frameworks/Security.framework/Versions/A/Security
0x000000000439b000 	/System/Library/Frameworks/ApplicationServices.framework/Versions/A/ApplicationServices
0x000000000439b000 	/usr/lib/libz.1.dylib
0x000000000439b000 	/usr/lib/libSystem.B.dylib
0x000000000439b000 	/usr/lib/libobjc.A.dylib
0x000000000439b000 	/System/Library/Frameworks/CoreFoundation.framework/Versions/A/CoreFoundation
0x000000000439b000 	/System/Library/Frameworks/Foundation.framework/Versions/C/Foundation
0x000000000439b000 	/System/Library/Frameworks/AppKit.framework/Versions/C/AppKit
0x000000000439b000 	/System/Library/Frameworks/CoreData.framework/Versions/A/CoreData
0x000000000439b000 	/System/Library/PrivateFrameworks/RemoteViewServices.framework/Versions/A/RemoteViewServices
0x000000000439b000 	/System/Library/PrivateFrameworks/UIFoundation.framework/Versions/A/UIFoundation
0x000000000439b000 	/usr/lib/libScreenReader.dylib
0x000000000439b000 	/System/Library/Frameworks/Accelerate.framework/Versions/A/Accelerate
0x000000000439b000 	/System/Library/Frameworks/IOSurface.framework/Versions/A/IOSurface
0x000000000439b000 	/System/Library/Frameworks/AudioToolbox.framework/Versions/A/AudioToolbox
0x000000000439b000 	/System/Library/Frameworks/AudioUnit.framework/Versions/A/AudioUnit
0x000000000439b000 	/System/Library/PrivateFrameworks/DataDetectorsCore.framework/Versions/A/DataDetectorsCore
0x000000000439b000 	/System/Library/PrivateFrameworks/DesktopServicesPriv.framework/Versions/A/DesktopServicesPriv
0x000000000439b000 	/System/Library/Frameworks/Carbon.framework/Versions/A/Frameworks/HIToolbox.framework/Versions/A/HIToolbox
0x000000000439b000 	/System/Library/Frameworks/QuartzCore.framework/Versions/A/QuartzCore
0x000000000439b000 	/System/Library/Frameworks/Carbon.framework/Versions/A/Frameworks/SpeechRecognition.framework/Versions/A/SpeechRecognition
0x000000000439b000 	/usr/lib/libauto.dylib
0x000000000439b000 	/usr/lib/libicucore.A.dylib
0x000000000439b000 	/usr/lib/libxml2.2.dylib
0x000000000439b000 	/System/Library/PrivateFrameworks/CoreUI.framework/Versions/A/CoreUI
0x000000000439b000 	/System/Library/Frameworks/CoreAudio.framework/Versions/A/CoreAudio
0x000000000439b000 	/System/Library/Frameworks/DiskArbitration.framework/Versions/A/DiskArbitration
0x000000000439b000 	/usr/lib/liblangid.dylib
0x000000000439b000 	/System/Library/PrivateFrameworks/MultitouchSupport.framework/Versions/A/MultitouchSupport
0x000000000439b000 	/System/Library/Frameworks/IOKit.framework/Versions/A/IOKit
0x000000000439b000 	/usr/lib/libDiagnosticMessagesClient.dylib
0x000000000439b000 	/System/Library/Frameworks/CoreServices.framework/Versions/A/CoreServices
0x000000000439b000 	/System/Library/PrivateFrameworks/PerformanceAnalysis.framework/Versions/A/PerformanceAnalysis
0x000000000439b000 	/System/Library/PrivateFrameworks/GenerationalStorage.framework/Versions/A/GenerationalStorage
0x000000000439b000 	/System/Library/Frameworks/OpenGL.framework/Versions/A/OpenGL
0x000000000439b000 	/System/Library/PrivateFrameworks/Sharing.framework/Versions/A/Sharing
0x000000000439b000 	/System/Library/Frameworks/CoreGraphics.framework/Versions/A/CoreGraphics
0x000000000439b000 	/System/Library/Frameworks/CoreImage.framework/Versions/A/CoreImage
0x000000000439b000 	/System/Library/Frameworks/CoreText.framework/Versions/A/CoreText
0x000000000439b000 	/System/Library/Frameworks/ImageIO.framework/Versions/A/ImageIO
0x000000000439b000 	/System/Library/PrivateFrameworks/Backup.framework/Versions/A/Backup
0x000000000439b000 	/usr/lib/libextension.dylib
0x000000000439b000 	/usr/lib/libarchive.2.dylib
0x000000000439b000 	/System/Library/Frameworks/CFNetwork.framework/Versions/A/CFNetwork
0x000000000439b000 	/System/Library/Frameworks/SystemConfiguration.framework/Versions/A/SystemConfiguration
0x000000000439b000 	/usr/lib/libCRFSuite.dylib
0x000000000439b000 	/usr/lib/libc++.1.dylib
0x000000000439b000 	/usr/lib/libc++abi.dylib
0x000000000439b000 	/usr/lib/system/libcache.dylib
0x000000000439b000 	/usr/lib/system/libcommonCrypto.dylib
0x000000000439b000 	/usr/lib/system/libcompiler_rt.dylib
0x000000000439b000 	/usr/lib/system/libcopyfile.dylib
0x000000000439b000 	/usr/lib/system/libcorecrypto.dylib
0x000000000439b000 	/usr/lib/system/libdispatch.dylib
0x000000000439b000 	/usr/lib/system/libdyld.dylib
0x000000000439b000 	/usr/lib/system/libkeymgr.dylib
0x000000000439b000 	/usr/lib/system/liblaunch.dylib
0x000000000439b000 	/usr/lib/system/libmacho.dylib
0x000000000439b000 	/usr/lib/system/libquarantine.dylib
0x000000000439b000 	/usr/lib/system/libremovefile.dylib
0x000000000439b000 	/usr/lib/system/libsystem_asl.dylib
0x000000000439b000 	/usr/lib/system/libsystem_blocks.dylib
0x000000000439b000 	/usr/lib/system/libsystem_c.dylib
0x000000000439b000 	/usr/lib/system/libsystem_configuration.dylib
0x000000000439b000 	/usr/lib/system/libsystem_coreservices.dylib
0x000000000439b000 	/usr/lib/system/libsystem_coretls.dylib
0x000000000439b000 	/usr/lib/system/libsystem_dnssd.dylib
0x000000000439b000 	/usr/lib/system/libsystem_info.dylib
0x000000000439b000 	/usr/lib/system/libsystem_kernel.dylib
0x000000000439b000 	/usr/lib/system/libsystem_m.dylib
0x000000000439b000 	/usr/lib/system/libsystem_malloc.dylib
0x000000000439b000 	/usr/lib/system/libsystem_network.dylib
0x000000000439b000 	/usr/lib/system/libsystem_networkextension.dylib
0x000000000439b000 	/usr/lib/system/libsystem_notify.dylib
0x000000000439b000 	/usr/lib/system/libsystem_platform.dylib
0x000000000439b000 	/usr/lib/system/libsystem_pthread.dylib
0x000000000439b000 	/usr/lib/system/libsystem_sandbox.dylib
0x000000000439b000 	/usr/lib/system/libsystem_secinit.dylib
0x000000000439b000 	/usr/lib/system/libsystem_trace.dylib
0x000000000439b000 	/usr/lib/system/libunc.dylib
0x000000000439b000 	/usr/lib/system/libunwind.dylib
0x000000000439b000 	/usr/lib/system/libxpc.dylib
0x000000000439b000 	/usr/lib/libenergytrace.dylib
0x000000000439b000 	/usr/lib/libbsm.0.dylib
0x000000000439b000 	/usr/lib/system/libkxld.dylib
0x000000000439b000 	/usr/lib/libxar.1.dylib
0x000000000439b000 	/usr/lib/libsqlite3.dylib
0x000000000439b000 	/usr/lib/libpam.2.dylib
0x000000000439b000 	/usr/lib/libOpenScriptingUtil.dylib
0x000000000439b000 	/usr/lib/libbz2.1.0.dylib
0x000000000439b000 	/usr/lib/liblzma.5.dylib
0x000000000439b000 	/System/Library/Frameworks/CoreServices.framework/Versions/A/Frameworks/FSEvents.framework/Versions/A/FSEvents
0x000000000439b000 	/System/Library/Frameworks/CoreServices.framework/Versions/A/Frameworks/CarbonCore.framework/Versions/A/CarbonCore
0x000000000439b000 	/System/Library/Frameworks/CoreServices.framework/Versions/A/Frameworks/Metadata.framework/Versions/A/Metadata
0x000000000439b000 	/System/Library/Frameworks/CoreServices.framework/Versions/A/Frameworks/OSServices.framework/Versions/A/OSServices
0x000000000439b000 	/System/Library/Frameworks/CoreServices.framework/Versions/A/Frameworks/SearchKit.framework/Versions/A/SearchKit
0x000000000439b000 	/System/Library/Frameworks/CoreServices.framework/Versions/A/Frameworks/AE.framework/Versions/A/AE
0x000000000439b000 	/System/Library/Frameworks/CoreServices.framework/Versions/A/Frameworks/LaunchServices.framework/Versions/A/LaunchServices
0x000000000439b000 	/System/Library/Frameworks/CoreServices.framework/Versions/A/Frameworks/DictionaryServices.framework/Versions/A/DictionaryServices
0x000000000439b000 	/System/Library/Frameworks/CoreServices.framework/Versions/A/Frameworks/SharedFileList.framework/Versions/A/SharedFileList
0x000000000439b000 	/System/Library/Frameworks/NetFS.framework/Versions/A/NetFS
0x000000000439b000 	/System/Library/PrivateFrameworks/NetAuth.framework/Versions/A/NetAuth
0x000000000439b000 	/System/Library/PrivateFrameworks/login.framework/Versions/A/Frameworks/loginsupport.framework/Versions/A/loginsupport
0x000000000439b000 	/System/Library/PrivateFrameworks/TCC.framework/Versions/A/TCC
0x000000000439b000 	/usr/lib/libmecabra.dylib
0x000000000439b000 	/System/Library/Frameworks/ApplicationServices.framework/Versions/A/Frameworks/ATS.framework/Versions/A/ATS
0x000000000439b000 	/System/Library/Frameworks/ApplicationServices.framework/Versions/A/Frameworks/ColorSync.framework/Versions/A/ColorSync
0x000000000439b000 	/System/Library/Frameworks/ApplicationServices.framework/Versions/A/Frameworks/HIServices.framework/Versions/A/HIServices
0x000000000439b000 	/System/Library/Frameworks/ApplicationServices.framework/Versions/A/Frameworks/LangAnalysis.framework/Versions/A/LangAnalysis
0x000000000439b000 	/System/Library/Frameworks/ApplicationServices.framework/Versions/A/Frameworks/PrintCore.framework/Versions/A/PrintCore
0x000000000439b000 	/System/Library/Frameworks/ApplicationServices.framework/Versions/A/Frameworks/QD.framework/Versions/A/QD
0x000000000439b000 	/System/Library/Frameworks/ApplicationServices.framework/Versions/A/Frameworks/SpeechSynthesis.framework/Versions/A/SpeechSynthesis
0x000000000439b000 	/System/Library/Frameworks/Metal.framework/Versions/A/Metal
0x000000000439b000 	/System/Library/Frameworks/Accelerate.framework/Versions/A/Frameworks/vImage.framework/Versions/A/vImage
0x000000000439b000 	/System/Library/Frameworks/Accelerate.framework/Versions/A/Frameworks/vecLib.framework/Versions/A/vecLib
0x000000000439b000 	/System/Library/Frameworks/Accelerate.framework/Versions/A/Frameworks/vecLib.framework/Versions/A/libvDSP.dylib
0x000000000439b000 	/System/Library/Frameworks/Accelerate.framework/Versions/A/Frameworks/vecLib.framework/Versions/A/libvMisc.dylib
0x000000000439b000 	/System/Library/Frameworks/Accelerate.framework/Versions/A/Frameworks/vecLib.framework/Versions/A/libLAPACK.dylib
0x000000000439b000 	/System/Library/Frameworks/Accelerate.framework/Versions/A/Frameworks/vecLib.framework/Versions/A/libBLAS.dylib
0x000000000439b000 	/System/Library/Frameworks/Accelerate.framework/Versions/A/Frameworks/vecLib.framework/Versions/A/libLinearAlgebra.dylib
0x000000000439b000 	/System/Library/Frameworks/Accelerate.framework/Versions/A/Frameworks/vecLib.framework/Versions/A/libSparseBLAS.dylib
0x000000000439b000 	/System/Library/PrivateFrameworks/GPUCompiler.framework/libmetal_timestamp.dylib
0x000000000439b000 	/System/Library/Frameworks/OpenGL.framework/Versions/A/Libraries/libCoreFSCache.dylib
0x000000000439b000 	/System/Library/PrivateFrameworks/IOAccelerator.framework/Versions/A/IOAccelerator
0x000000000439b000 	/System/Library/Frameworks/ApplicationServices.framework/Versions/A/Frameworks/ATS.framework/Versions/A/Resources/libFontParser.dylib
0x000000000439b000 	/System/Library/Frameworks/ApplicationServices.framework/Versions/A/Frameworks/ATS.framework/Versions/A/Resources/libFontRegistry.dylib
0x000000000439b000 	/System/Library/PrivateFrameworks/AppleVPA.framework/Versions/A/AppleVPA
0x000000000439b000 	/System/Library/PrivateFrameworks/AppleJPEG.framework/Versions/A/AppleJPEG
0x000000000439b000 	/System/Library/Frameworks/ImageIO.framework/Versions/A/Resources/libJPEG.dylib
0x000000000439b000 	/System/Library/Frameworks/ImageIO.framework/Versions/A/Resources/libTIFF.dylib
0x000000000439b000 	/System/Library/Frameworks/ImageIO.framework/Versions/A/Resources/libPng.dylib
0x000000000439b000 	/System/Library/Frameworks/ImageIO.framework/Versions/A/Resources/libGIF.dylib
0x000000000439b000 	/System/Library/Frameworks/ImageIO.framework/Versions/A/Resources/libJP2.dylib
0x000000000439b000 	/System/Library/Frameworks/ImageIO.framework/Versions/A/Resources/libRadiance.dylib
0x000000000439b000 	/System/Library/Frameworks/CoreVideo.framework/Versions/A/CoreVideo
0x000000000439b000 	/System/Library/Frameworks/OpenGL.framework/Versions/A/Libraries/libGLU.dylib
0x000000000439b000 	/System/Library/Frameworks/OpenGL.framework/Versions/A/Libraries/libGFXShared.dylib
0x000000000439b000 	/System/Library/Frameworks/OpenGL.framework/Versions/A/Libraries/libGL.dylib
0x000000000439b000 	/System/Library/Frameworks/OpenGL.framework/Versions/A/Libraries/libGLImage.dylib
0x000000000439b000 	/System/Library/Frameworks/OpenGL.framework/Versions/A/Libraries/libCVMSPluginSupport.dylib
0x000000000439b000 	/System/Library/Frameworks/OpenGL.framework/Versions/A/Libraries/libCoreVMClient.dylib
0x000000000439b000 	/usr/lib/libcups.2.dylib
0x000000000439b000 	/System/Library/Frameworks/Kerberos.framework/Versions/A/Kerberos
0x000000000439b000 	/System/Library/Frameworks/GSS.framework/Versions/A/GSS
0x000000000439b000 	/usr/lib/libresolv.9.dylib
0x000000000439b000 	/usr/lib/libiconv.2.dylib
0x000000000439b000 	/System/Library/PrivateFrameworks/Heimdal.framework/Versions/A/Heimdal
0x000000000439b000 	/usr/lib/libheimdal-asn1.dylib
0x000000000439b000 	/System/Library/Frameworks/OpenDirectory.framework/Versions/A/OpenDirectory
0x000000000439b000 	/System/Library/PrivateFrameworks/CommonAuth.framework/Versions/A/CommonAuth
0x000000000439b000 	/System/Library/Frameworks/OpenDirectory.framework/Versions/A/Frameworks/CFOpenDirectory.framework/Versions/A/CFOpenDirectory
0x000000000439b000 	/System/Library/Frameworks/SecurityFoundation.framework/Versions/A/SecurityFoundation
0x000000000439b000 	/System/Library/PrivateFrameworks/LanguageModeling.framework/Versions/A/LanguageModeling
0x000000000439b000 	/usr/lib/libmarisa.dylib
0x000000000439b000 	/usr/lib/libChineseTokenizer.dylib
0x000000000439b000 	/usr/lib/libcmph.dylib
0x000000000439b000 	/usr/lib/libcompression.dylib
0x000000000439b000 	/System/Library/Frameworks/ServiceManagement.framework/Versions/A/ServiceManagement
0x000000000439b000 	/usr/lib/libxslt.1.dylib
0x000000000439b000 	/System/Library/Frameworks/Carbon.framework/Versions/A/Frameworks/Ink.framework/Versions/A/Ink
0x000000000439b000 	/usr/lib/libFosl_dynamic.dylib
0x000000000439b000 	/System/Library/PrivateFrameworks/FaceCore.framework/Versions/A/FaceCore
0x000000000439b000 	/System/Library/Frameworks/OpenCL.framework/Versions/A/OpenCL
0x000000000439b000 	/System/Library/PrivateFrameworks/CrashReporterSupport.framework/Versions/A/CrashReporterSupport
0x000000000439b000 	/System/Library/PrivateFrameworks/IconServices.framework/Versions/A/IconServices
0x000000000439b000 	/System/Library/PrivateFrameworks/Apple80211.framework/Versions/A/Apple80211
0x000000000439b000 	/System/Library/Frameworks/CoreWLAN.framework/Versions/A/CoreWLAN
0x000000000439b000 	/System/Library/Frameworks/IOBluetooth.framework/Versions/A/IOBluetooth
0x000000000439b000 	/System/Library/PrivateFrameworks/CoreWiFi.framework/Versions/A/CoreWiFi
0x000000000439b000 	/System/Library/Frameworks/CoreBluetooth.framework/Versions/A/CoreBluetooth
0x000000000439b000 	/System/Library/PrivateFrameworks/ChunkingLibrary.framework/Versions/A/ChunkingLibrary
0x000000000439b000 	/System/Library/PrivateFrameworks/DebugSymbols.framework/Versions/A/DebugSymbols
0x000000000439b000 	/System/Library/PrivateFrameworks/CoreSymbolication.framework/Versions/A/CoreSymbolication
0x000000000439b000 	/System/Library/PrivateFrameworks/Symbolication.framework/Versions/A/Symbolication
0x000000000439b000 	/System/Library/PrivateFrameworks/SpeechRecognitionCore.framework/Versions/A/SpeechRecognitionCore
0x0000000104600000 	/Library/Java/JavaVirtualMachines/jdk1.8.0_45.jdk/Contents/Home/jre/lib/server/libjvm.dylib
0x000000000439b000 	/usr/lib/libstdc++.6.dylib
0x0000000103c3d000 	/Library/Java/JavaVirtualMachines/jdk1.8.0_45.jdk/Contents/Home/jre/lib/libverify.dylib
0x0000000103c4b000 	/Library/Java/JavaVirtualMachines/jdk1.8.0_45.jdk/Contents/Home/jre/lib/libjava.dylib
0x0000000103c8a000 	/Library/Java/JavaVirtualMachines/jdk1.8.0_45.jdk/Contents/Home/jre/lib/libzip.dylib
0x000000011ad6a000 	/System/Library/Frameworks/JavaVM.framework/Frameworks/JavaRuntimeSupport.framework/JavaRuntimeSupport
0x000000011ad85000 	/System/Library/Frameworks/JavaVM.framework/Versions/A/Frameworks/JavaNativeFoundation.framework/Versions/A/JavaNativeFoundation
0x000000011ad9a000 	/System/Library/Frameworks/JavaVM.framework/Versions/A/JavaVM
0x000000000439b000 	/System/Library/Frameworks/Carbon.framework/Versions/A/Carbon
0x000000011ada7000 	/System/Library/PrivateFrameworks/JavaLaunching.framework/Versions/A/JavaLaunching
0x000000000439b000 	/System/Library/Frameworks/Carbon.framework/Versions/A/Frameworks/CommonPanels.framework/Versions/A/CommonPanels
0x000000000439b000 	/System/Library/Frameworks/Carbon.framework/Versions/A/Frameworks/Help.framework/Versions/A/Help
0x000000000439b000 	/System/Library/Frameworks/Carbon.framework/Versions/A/Frameworks/ImageCapture.framework/Versions/A/ImageCapture
0x000000000439b000 	/System/Library/Frameworks/Carbon.framework/Versions/A/Frameworks/OpenScripting.framework/Versions/A/OpenScripting
0x000000000439b000 	/System/Library/Frameworks/Carbon.framework/Versions/A/Frameworks/Print.framework/Versions/A/Print
0x000000000439b000 	/System/Library/Frameworks/Carbon.framework/Versions/A/Frameworks/SecurityHI.framework/Versions/A/SecurityHI
0x000000011c6e0000 	/Library/Java/JavaVirtualMachines/jdk1.8.0_45.jdk/Contents/Home/jre/lib/libawt.dylib
0x000000011c788000 	/Library/Java/JavaVirtualMachines/jdk1.8.0_45.jdk/Contents/Home/jre/lib/./libmlib_image.dylib
0x000000011c854000 	/Library/Java/JavaVirtualMachines/jdk1.8.0_45.jdk/Contents/Home/jre/lib/libawt_lwawt.dylib
0x000000011c908000 	/Library/Java/JavaVirtualMachines/jdk1.8.0_45.jdk/Contents/Home/jre/lib/./libosxapp.dylib
0x000000000439b000 	/System/Library/Frameworks/ExceptionHandling.framework/Versions/A/ExceptionHandling
0x000000000439b000 	/System/Library/PrivateFrameworks/CoreServicesInternal.framework/Versions/A/CoreServicesInternal
0x000000000439b000 	/System/Library/Frameworks/CoreGraphics.framework/Versions/A/Resources/libRIP.A.dylib
0x000000000439b000 	/System/Library/Frameworks/Accelerate.framework/Versions/A/Frameworks/vImage.framework/Versions/A/Libraries/libCGInterfaces.dylib
0x000000000439b000 	/System/Library/Frameworks/CoreGraphics.framework/Versions/A/Resources/libCGXType.A.dylib
0x000000000439b000 	/System/Library/Frameworks/OpenCL.framework/Versions/A/Libraries/libcldcpuengine.dylib
0x000000000439b000 	/System/Library/PrivateFrameworks/DiskImages.framework/Versions/A/DiskImages
0x000000000439b000 	/System/Library/Frameworks/DiscRecording.framework/Versions/A/DiscRecording
0x000000000439b000 	/usr/lib/libcsfde.dylib
0x000000000439b000 	/usr/lib/libcurl.4.dylib
0x000000000439b000 	/System/Library/PrivateFrameworks/MediaKit.framework/Versions/A/MediaKit
0x000000000439b000 	/System/Library/PrivateFrameworks/ProtectedCloudStorage.framework/Versions/A/ProtectedCloudStorage
0x000000000439b000 	/usr/lib/libCoreStorage.dylib
0x000000000439b000 	/System/Library/PrivateFrameworks/EFILogin.framework/Versions/A/EFILogin
0x000000000439b000 	/usr/lib/libutil.dylib
0x000000000439b000 	/System/Library/PrivateFrameworks/FindMyDevice.framework/Versions/A/FindMyDevice
0x000000000439b000 	/System/Library/Frameworks/LDAP.framework/Versions/A/LDAP
0x000000000439b000 	/usr/lib/libsasl2.2.dylib
0x000000000439b000 	/System/Library/PrivateFrameworks/CoreDaemon.framework/Versions/B/CoreDaemon
0x000000000439b000 	/usr/lib/libcrypto.0.9.8.dylib
0x000000000439b000 	/System/Library/PrivateFrameworks/AppleSRP.framework/Versions/A/AppleSRP
0x000000000439b000 	/System/Library/PrivateFrameworks/TrustEvaluationAgent.framework/Versions/A/TrustEvaluationAgent
0x000000011e50a000 	cl_kernels
0x000000000439b000 	/System/Library/Frameworks/OpenCL.framework/Versions/A/Libraries/ImageFormats/unorm8_bgra.dylib
0x000000000439b000 	/System/Library/Frameworks/OpenCL.framework/Versions/A/Libraries/ImageFormats/unorm8_rgba.dylib
0x000000000439b000 	/System/Library/PrivateFrameworks/FamilyControls.framework/Versions/A/FamilyControls
0x000000000439b000 	/System/Library/PrivateFrameworks/CommerceKit.framework/Versions/A/Frameworks/CommerceCore.framework/Versions/A/CommerceCore
0x000000000439b000 	/System/Library/PrivateFrameworks/SystemAdministration.framework/Versions/A/SystemAdministration
0x000000000439b000 	/System/Library/PrivateFrameworks/AppContainer.framework/Versions/A/AppContainer
0x000000000439b000 	/System/Library/PrivateFrameworks/SecCodeWrapper.framework/Versions/A/SecCodeWrapper
0x000000000439b000 	/System/Library/Frameworks/DirectoryService.framework/Versions/A/DirectoryService
0x000000000439b000 	/System/Library/PrivateFrameworks/LoginUIKit.framework/Versions/A/Frameworks/LoginUICore.framework/Versions/A/LoginUICore
0x000000000439b000 	/usr/lib/libodfde.dylib
0x000000011f5e5000 	/Library/Java/JavaVirtualMachines/jdk1.8.0_45.jdk/Contents/Home/jre/lib/libfontmanager.dylib
0x000000011f64c000 	/Users/eshan/Documents/Eclipse/JAVA/lib/lwjgl-2.9.3/native/macosx/liblwjgl.dylib
0x000000011d909000 	/Library/Java/JavaVirtualMachines/jdk1.8.0_45.jdk/Contents/Home/jre/lib/libjawt.dylib
0x000000000439b000 	/System/Library/Frameworks/OpenGL.framework/Versions/A/Resources/GLEngine.bundle/GLEngine
0x000000000439b000 	/System/Library/Frameworks/OpenGL.framework/Versions/A/Libraries/libGLProgrammability.dylib
0x000000011f6ea000 	/System/Library/Extensions/AppleIntelBDWGraphicsGLDriver.bundle/Contents/MacOS/AppleIntelBDWGraphicsGLDriver
0x000000000439b000 	/System/Library/PrivateFrameworks/GPUSupport.framework/Versions/A/Libraries/libGPUSupportMercury.dylib
0x000000000439b000 	/System/Library/Frameworks/OpenGL.framework/Versions/A/Resources/GLRendererFloat.bundle/GLRendererFloat
0x0000000122190000 	/Users/eshan/Documents/Eclipse/JAVA/lib/lwjgl-2.9.3/native/macosx/libjinput-osx.dylib
0x0000000122195000 	/System/Library/Extensions/IOHIDFamily.kext/Contents/PlugIns/IOHIDLib.plugin/Contents/MacOS/IOHIDLib

VM Arguments:
jvm_args: -Djava.library.path=/Users/eshan/Documents/Eclipse/JAVA/lib/lwjgl-2.9.3/native/macosx -Dfile.encoding=UTF-8 
java_command: game.Gattaca
java_class_path (initial): /Users/eshan/Documents/Eclipse/JAVA/SlickRick/bin:/Users/eshan/Documents/Eclipse/JAVA/lib/slick/lib/jinput.jar:/Users/eshan/Documents/Eclipse/JAVA/lib/slick/lib/lwjgl_util.jar:/Users/eshan/Documents/Eclipse/JAVA/lib/slick/lib/lwjgl.jar:/Users/eshan/Documents/Eclipse/JAVA/lib/slick/lib/slick.jar
Launcher Type: SUN_STANDARD

Environment Variables:
PATH=/usr/bin:/bin:/usr/sbin:/sbin
SHELL=/bin/bash
DISPLAY=/private/tmp/com.apple.launchd.pOvaVV7Pew/org.macosforge.xquartz:0

Signal Handlers:
SIGSEGV: [libjvm.dylib+0x58ef95], sa_mask[0]=11111111011111110111111111111111, sa_flags=SA_ONSTACK|SA_RESTART|SA_SIGINFO
SIGBUS: [libjvm.dylib+0x58ef95], sa_mask[0]=11111111011111110111111111111111, sa_flags=SA_RESTART|SA_SIGINFO
SIGFPE: [libjvm.dylib+0x46c108], sa_mask[0]=11111111011111110111111111111111, sa_flags=SA_RESTART|SA_SIGINFO
SIGPIPE: [libjvm.dylib+0x46c108], sa_mask[0]=11111111011111110111111111111111, sa_flags=SA_RESTART|SA_SIGINFO
SIGXFSZ: [libjvm.dylib+0x46c108], sa_mask[0]=11111111011111110111111111111111, sa_flags=SA_RESTART|SA_SIGINFO
SIGILL: [libjvm.dylib+0x46c108], sa_mask[0]=11111111011111110111111111111111, sa_flags=SA_RESTART|SA_SIGINFO
SIGUSR1: SIG_DFL, sa_mask[0]=00000000000000000000000000000000, sa_flags=none
SIGUSR2: [libjvm.dylib+0x46bc26], sa_mask[0]=00100000000000000000000000000000, sa_flags=SA_RESTART|SA_SIGINFO
SIGHUP: [libjvm.dylib+0x46a1f9], sa_mask[0]=11111111011111110111111111111111, sa_flags=SA_RESTART|SA_SIGINFO
SIGINT: [libjvm.dylib+0x46a1f9], sa_mask[0]=11111111011111110111111111111111, sa_flags=SA_RESTART|SA_SIGINFO
SIGTERM: [libjvm.dylib+0x46a1f9], sa_mask[0]=11111111011111110111111111111111, sa_flags=SA_RESTART|SA_SIGINFO
SIGQUIT: [libjvm.dylib+0x46a1f9], sa_mask[0]=11111111011111110111111111111111, sa_flags=SA_RESTART|SA_SIGINFO


---------------  S Y S T E M  ---------------

OS:Bsduname:Darwin 15.0.0 Darwin Kernel Version 15.0.0: Wed Aug 26 16:57:32 PDT 2015; root:xnu-3247.1.106~1/RELEASE_X86_64 x86_64
rlimit: STACK 8192k, CORE 0k, NPROC 709, NOFILE 10240, AS infinity
load average:1.45 1.47 1.43

CPU:total 4 (2 cores per cpu, 2 threads per core) family 6 model 61 stepping 4, cmov, cx8, fxsr, mmx, sse, sse2, sse3, ssse3, sse4.1, sse4.2, popcnt, avx, avx2, aes, clmul, erms, 3dnowpref, lzcnt, ht, tsc, tscinvbit, bmi1, bmi2, adx

Memory: 4k page, physical 8388608k(89200k free)

/proc/meminfo:


vm_info: Java HotSpot(TM) 64-Bit Server VM (25.45-b02) for bsd-amd64 JRE (1.8.0_45-b14), built on Apr 10 2015 10:46:38 by "java_re" with gcc 4.2.1 (Based on Apple Inc. build 5658) (LLVM build 2336.11.00)

time: Mon Jan 11 09:19:22 2016
elapsed time: 7 seconds (0d 0h 0m 7s)

